Change Component Designator: Old Designator=C54 New Designator=C?
Change Component Designator: Old Designator=C55 New Designator=C?
Change Component Designator: Old Designator=C56 New Designator=C?
Change Component Designator: Old Designator=C57 New Designator=C?
Change Component Designator: Old Designator=C58 New Designator=C?
Change Component Designator: Old Designator=C59 New Designator=C?
Change Component Designator: Old Designator=C60 New Designator=C?
Change Component Designator: Old Designator=C61 New Designator=C?
Change Component Designator: Old Designator=C62 New Designator=C?
Change Component Designator: Old Designator=C63 New Designator=C?
Change Component Designator: Old Designator=C64 New Designator=C?
Change Component Designator: Old Designator=C65 New Designator=C?
Change Component Designator: Old Designator=C66 New Designator=C?
Change Component Designator: Old Designator=C67 New Designator=C?
Change Component Designator: Old Designator=C68 New Designator=C?
Change Component Designator: Old Designator=C69 New Designator=C?
Change Component Designator: Old Designator=C70 New Designator=C?
Change Component Designator: Old Designator=C71 New Designator=C?
Change Component Designator: Old Designator=C72 New Designator=C?
Change Component Designator: Old Designator=C73 New Designator=C?
Change Component Designator: Old Designator=C74 New Designator=C?
Change Component Designator: Old Designator=C75 New Designator=C?
Change Component Designator: Old Designator=C76 New Designator=C?
Change Component Designator: Old Designator=C77 New Designator=C?
Change Component Designator: Old Designator=C78 New Designator=C?
Change Component Designator: Old Designator=D17 New Designator=D?
Change Component Designator: Old Designator=D18 New Designator=D?
Change Component Designator: Old Designator=D19 New Designator=D?
Change Component Designator: Old Designator=D20 New Designator=D?
Change Component Designator: Old Designator=D21 New Designator=D?
Change Component Designator: Old Designator=J13 New Designator=J?
Change Component Designator: Old Designator=J14 New Designator=J?
Change Component Designator: Old Designator=J15 New Designator=J?
Change Component Designator: Old Designator=J16 New Designator=J?
Change Component Designator: Old Designator=J17 New Designator=J?
Change Component Designator: Old Designator=L2 New Designator=L?
Change Component Designator: Old Designator=Q24 New Designator=Q?
Change Component Designator: Old Designator=Q25 New Designator=Q?
Change Component Designator: Old Designator=Q26 New Designator=Q?
Change Component Designator: Old Designator=R116 New Designator=R?
Change Component Designator: Old Designator=R117 New Designator=R?
Change Component Designator: Old Designator=R118 New Designator=R?
Change Component Designator: Old Designator=R119 New Designator=R?
Change Component Designator: Old Designator=R120 New Designator=R?
Change Component Designator: Old Designator=R121 New Designator=R?
Change Component Designator: Old Designator=R122 New Designator=R?
Change Component Designator: Old Designator=R123 New Designator=R?
Change Component Designator: Old Designator=R124 New Designator=R?
Change Component Designator: Old Designator=R125 New Designator=R?
Change Component Designator: Old Designator=R126 New Designator=R?
Change Component Designator: Old Designator=R127 New Designator=R?
Change Component Designator: Old Designator=R128 New Designator=R?
Change Component Designator: Old Designator=R129 New Designator=R?
Change Component Designator: Old Designator=R130 New Designator=R?
Change Component Designator: Old Designator=R131 New Designator=R?
Change Component Designator: Old Designator=R132 New Designator=R?
Change Component Designator: Old Designator=R133 New Designator=R?
Change Component Designator: Old Designator=R134 New Designator=R?
Change Component Designator: Old Designator=R135 New Designator=R?
Change Component Designator: Old Designator=R136 New Designator=R?
Change Component Designator: Old Designator=R137 New Designator=R?
Change Component Designator: Old Designator=R138 New Designator=R?
Change Component Designator: Old Designator=R139 New Designator=R?
Change Component Designator: Old Designator=R140 New Designator=R?
Change Component Designator: Old Designator=R141 New Designator=R?
Change Component Designator: Old Designator=R142 New Designator=R?
Change Component Designator: Old Designator=R143 New Designator=R?
Change Component Designator: Old Designator=R144 New Designator=R?
Change Component Designator: Old Designator=U8 New Designator=U?
