Change Component Designator: Old Designator=C62 New Designator=C61
Change Component Designator: Old Designator=C63 New Designator=C60
Change Component Designator: Old Designator=C64 New Designator=C63
Change Component Designator: Old Designator=C65 New Designator=C62
Change Component Designator: Old Designator=C66 New Designator=C65
Change Component Designator: Old Designator=C67 New Designator=C64
Change Component Designator: Old Designator=C68 New Designator=C67
Change Component Designator: Old Designator=C69 New Designator=C66
Change Component Designator: Old Designator=C71 New Designator=C69
Change Component Designator: Old Designator=C77 New Designator=C75
Change Component Designator: Old Designator=C78 New Designator=C74
Change Component Designator: Old Designator=C? New Designator=C58
Change Component Designator: Old Designator=C? New Designator=C59
Change Component Designator: Old Designator=C? New Designator=C68
Change Component Designator: Old Designator=C? New Designator=C71
Change Component Designator: Old Designator=C? New Designator=C72
Change Component Designator: Old Designator=C? New Designator=C73
Change Component Designator: Old Designator=D20 New Designator=D19
Change Component Designator: Old Designator=D21 New Designator=D18
Change Component Designator: Old Designator=J? New Designator=J12
Change Component Designator: Old Designator=J? New Designator=J13
Change Component Designator: Old Designator=J? New Designator=J14
Change Component Designator: Old Designator=R114 New Designator=R118
Change Component Designator: Old Designator=R115 New Designator=R119
Change Component Designator: Old Designator=R126 New Designator=R123
Change Component Designator: Old Designator=R127 New Designator=R124
Change Component Designator: Old Designator=R128 New Designator=R125
Change Component Designator: Old Designator=R129 New Designator=R126
Change Component Designator: Old Designator=R130 New Designator=R127
Change Component Designator: Old Designator=R131 New Designator=R128
Change Component Designator: Old Designator=R? New Designator=R114
Change Component Designator: Old Designator=R? New Designator=R115
Change Component Designator: Old Designator=R? New Designator=R116
Change Component Designator: Old Designator=R? New Designator=R117
Change Component Designator: Old Designator=R? New Designator=R120
Change Component Designator: Old Designator=R? New Designator=R121
Change Component Designator: Old Designator=R? New Designator=R122
Change Component Designator: Old Designator=R? New Designator=R129
Change Component Designator: Old Designator=R? New Designator=R130
Change Component Designator: Old Designator=R? New Designator=R131
Change Component Designator: Old Designator=SIM Holder1 New Designator=SIM Holder2
Change Component Designator: Old Designator=SIM Holder2 New Designator=SIM Holder1
