Change Component Designator: Old Designator=C? New Designator=C6
Change Component Designator: Old Designator=C? New Designator=C4
Change Component Designator: Old Designator=C? New Designator=C5
Change Component Designator: Old Designator=C? New Designator=C7
Change Component Designator: Old Designator=C? New Designator=C8
Change Component Designator: Old Designator=C? New Designator=C9
Change Component Designator: Old Designator=C? New Designator=C1
Change Component Designator: Old Designator=C1 New Designator=C2
Change Component Designator: Old Designator=C7 New Designator=C10
Change Component Designator: Old Designator=C6 New Designator=C11
Change Component Designator: Old Designator=C5 New Designator=C12
Change Component Designator: Old Designator=C2 New Designator=C13
Change Component Designator: Old Designator=FB? New Designator=FB3
Change Component Designator: Old Designator=FB? New Designator=FB1
Change Component Designator: Old Designator=R2 New Designator=R1
Change Component Designator: Old Designator=R1 New Designator=R2
Change Component Designator: Old Designator=R4 New Designator=R3
Change Component Designator: Old Designator=R3 New Designator=R4
Change Component Designator: Old Designator=Y2 New Designator=Y1
Change Component Designator: Old Designator=Y1 New Designator=Y2
