Change Component Designator: Old Designator=C21 New Designator=C?
Change Component Designator: Old Designator=C22 New Designator=C?
Change Component Designator: Old Designator=C23 New Designator=C?
Change Component Designator: Old Designator=C24 New Designator=C?
Change Component Designator: Old Designator=D6 New Designator=D?
Change Component Designator: Old Designator=D7 New Designator=D?
Change Component Designator: Old Designator=D8 New Designator=D?
Change Component Designator: Old Designator=D9 New Designator=D?
Change Component Designator: Old Designator=D10 New Designator=D?
Change Component Designator: Old Designator=D11 New Designator=D?
Change Component Designator: Old Designator=D12 New Designator=D?
Change Component Designator: Old Designator=D13 New Designator=D?
Change Component Designator: Old Designator=K1 New Designator=K?
Change Component Designator: Old Designator=K2 New Designator=K?
Change Component Designator: Old Designator=K3 New Designator=K?
Change Component Designator: Old Designator=K4 New Designator=K?
Change Component Designator: Old Designator=Q5 New Designator=Q?
Change Component Designator: Old Designator=Q6 New Designator=Q?
Change Component Designator: Old Designator=Q7 New Designator=Q?
Change Component Designator: Old Designator=Q8 New Designator=Q?
Change Component Designator: Old Designator=Q9 New Designator=Q?
Change Component Designator: Old Designator=Q10 New Designator=Q?
Change Component Designator: Old Designator=Q11 New Designator=Q?
Change Component Designator: Old Designator=Q12 New Designator=Q?
Change Component Designator: Old Designator=Q13 New Designator=Q?
Change Component Designator: Old Designator=Q14 New Designator=Q?
Change Component Designator: Old Designator=Q15 New Designator=Q?
Change Component Designator: Old Designator=Q16 New Designator=Q?
Change Component Designator: Old Designator=R19 New Designator=R?
Change Component Designator: Old Designator=R20 New Designator=R?
Change Component Designator: Old Designator=R21 New Designator=R?
Change Component Designator: Old Designator=R22 New Designator=R?
Change Component Designator: Old Designator=R23 New Designator=R?
Change Component Designator: Old Designator=R24 New Designator=R?
Change Component Designator: Old Designator=R25 New Designator=R?
Change Component Designator: Old Designator=R26 New Designator=R?
Change Component Designator: Old Designator=R27 New Designator=R?
Change Component Designator: Old Designator=R28 New Designator=R?
Change Component Designator: Old Designator=R29 New Designator=R?
Change Component Designator: Old Designator=R30 New Designator=R?
Change Component Designator: Old Designator=R31 New Designator=R?
Change Component Designator: Old Designator=R32 New Designator=R?
Change Component Designator: Old Designator=R33 New Designator=R?
Change Component Designator: Old Designator=R34 New Designator=R?
Change Component Designator: Old Designator=R35 New Designator=R?
Change Component Designator: Old Designator=R36 New Designator=R?
Change Component Designator: Old Designator=R37 New Designator=R?
Change Component Designator: Old Designator=R38 New Designator=R?
Change Component Designator: Old Designator=R39 New Designator=R?
Change Component Designator: Old Designator=R40 New Designator=R?
Change Component Designator: Old Designator=R41 New Designator=R?
Change Component Designator: Old Designator=R42 New Designator=R?
Change Component Designator: Old Designator=R43 New Designator=R?
Change Component Designator: Old Designator=R44 New Designator=R?
Change Component Designator: Old Designator=R45 New Designator=R?
Change Component Designator: Old Designator=R46 New Designator=R?
Change Component Designator: Old Designator=R47 New Designator=R?
Change Component Designator: Old Designator=R48 New Designator=R?
Change Component Designator: Old Designator=R49 New Designator=R?
Change Component Designator: Old Designator=R50 New Designator=R?
Change Component Designator: Old Designator=R51 New Designator=R?
Change Component Designator: Old Designator=R52 New Designator=R?
Change Component Designator: Old Designator=R53 New Designator=R?
Change Component Designator: Old Designator=R54 New Designator=R?
Change Component Designator: Old Designator=R55 New Designator=R?
Change Component Designator: Old Designator=R56 New Designator=R?
Change Component Designator: Old Designator=R57 New Designator=R?
Change Component Designator: Old Designator=R58 New Designator=R?
Change Component Designator: Old Designator=X1 New Designator=X?
Change Component Designator: Old Designator=X2 New Designator=X?
Change Component Designator: Old Designator=X3 New Designator=X?
Change Component Designator: Old Designator=X4 New Designator=X?
