Removed Pin From Net: NetName=MCU_3V3 Pin=C27-1
Removed Pin From Net: NetName=GND Pin=Designator18-1
Removed Pin From Net: NetName=GND Pin=Designator19-1
Removed Pin From Net: NetName=MCU_3V3 Pin=J2-3
Removed Pin From Net: NetName=MCU_3V3 Pin=J3-3
Removed Pin From Net: NetName=MCU_3V3 Pin=J4-3
Removed Pin From Net: NetName=MCU_3V3 Pin=R63-1
Removed Pin From Net: NetName=MCU_3V3 Pin=R64-1
Removed Pin From Net: NetName=MCU_3V3 Pin=U4-8
Added Pin To Net: NetName=3V3 Pin=C27-1
Added Pin To Net: NetName=3V3 Pin=J2-3
Added Pin To Net: NetName=3V3 Pin=J3-3
Added Pin To Net: NetName=3V3 Pin=J4-3
Added Pin To Net: NetName=3V3 Pin=R63-1
Added Pin To Net: NetName=3V3 Pin=R64-1
Added Pin To Net: NetName=3V3 Pin=U4-8
Added Room: Name=MC60
Added Room: Name=MCU1
Added Room: Name=MCU2
Added Room: Name=MCU3
Added Room: Name=MCU4
Added Room: Name=Power
Added Room: Name=W5500
Added Room: Name=Wifi
