Removed Pin From Net: NetName=1PPS Pin=C58-1
Removed Pin From Net: NetName=GND Pin=C60-1
Removed Pin From Net: NetName=RF_ANT Pin=C60-2
Removed Pin From Net: NetName=GND Pin=C61-1
Removed Pin From Net: NetName=SIM_GND Pin=C63-1
Removed Pin From Net: NetName=SIM_GND Pin=C65-1
Removed Pin From Net: NetName=SIM_GND Pin=C67-1
Removed Pin From Net: NetName=SIM_GND Pin=C69-1
Removed Pin From Net: NetName=SIM_GND Pin=C71-1
Removed Pin From Net: NetName=NetC69_2 Pin=C71-2
Removed Pin From Net: NetName=GND Pin=C72-1
Removed Pin From Net: NetName=BT_ANT Pin=C72-2
Removed Pin From Net: NetName=GND Pin=C73-1
Removed Pin From Net: NetName=GND Pin=C74-1
Removed Pin From Net: NetName=GND Pin=C75-1
Removed Pin From Net: NetName=NetC69_2 Pin=D21-1
Removed Pin From Net: NetName=SIM_GND Pin=D21-2
Removed Pin From Net: NetName=NetD2_1 Pin=Q1-1
Removed Pin From Net: NetName=MCU_GND Pin=Q1-3
Removed Pin From Net: NetName=NetD4_1 Pin=Q2-1
Removed Pin From Net: NetName=MCU_GND Pin=Q2-3
Removed Pin From Net: NetName=NetD3_1 Pin=Q3-1
Removed Pin From Net: NetName=NetD5_1 Pin=Q4-1
Removed Pin From Net: NetName=MCU_GND Pin=Q4-3
Removed Pin From Net: NetName=MCU_3V3 Pin=Q6-1
Removed Pin From Net: NetName=NetQ6_3 Pin=Q6-3
Removed Pin From Net: NetName=NetD6_2 Pin=Q9-1
Removed Pin From Net: NetName=NetD7_2 Pin=Q10-1
Removed Pin From Net: NetName=MCU_3V3 Pin=Q11-1
Removed Pin From Net: NetName=NetQ11_3 Pin=Q11-3
Removed Pin From Net: NetName=MCU_3V3 Pin=Q12-1
Removed Pin From Net: NetName=NetQ12_3 Pin=Q12-3
Removed Pin From Net: NetName=NetD10_2 Pin=Q15-1
Removed Pin From Net: NetName=NetD11_2 Pin=Q16-1
Removed Pin From Net: NetName=NetC25_1 Pin=Q17-1
Removed Pin From Net: NetName=MCU_GND Pin=Q17-3
Removed Pin From Net: NetName=NetC26_1 Pin=Q18-1
Removed Pin From Net: NetName=MCU_GND Pin=Q18-3
Removed Pin From Net: NetName=GND Pin=Q19-3
Removed Pin From Net: NetName=GSM_NETLIGHT Pin=Q22-3
Removed Pin From Net: NetName=PWR_KEY Pin=Q23-1
Removed Pin From Net: NetName=GND Pin=Q23-3
Removed Pin From Net: NetName=GSM_1PPS Pin=Q24-3
Removed Pin From Net: NetName=GSM_1PPS Pin=Q26-3
Removed Pin From Net: NetName=NetQ3_2 Pin=R12-2
Removed Pin From Net: NetName=NetQ9_2 Pin=R31-2
Removed Pin From Net: NetName=NetQ10_2 Pin=R32-2
Removed Pin From Net: NetName=NetQ15_2 Pin=R51-2
Removed Pin From Net: NetName=NetQ16_2 Pin=R52-2
Removed Pin From Net: NetName=NetQ22_1 Pin=R108-2
Removed Pin From Net: NetName=NetQ24_1 Pin=R113-2
Removed Pin From Net: NetName=1PPS Pin=R120-1
Removed Pin From Net: NetName=1PPS Pin=R121-1
Removed Pin From Net: NetName=GND Pin=R122-2
Removed Pin From Net: NetName=GSM_1PPS Pin=R123-1
Removed Pin From Net: NetName=GND Pin=R123-2
Removed Pin From Net: NetName=W5500_RST Pin=U5-37
Removed Member From Class: ClassName=MC60 Member=C76
Removed Member From Class: ClassName=MC60 Member=C77
Removed Member From Class: ClassName=MC60 Member=C78
Removed Member From Class: ClassName=MC60 Member=Q26
Change Component Footprint: Designator=C59 Old Footprint=0603 New Footprint=CAPC1608X90N
Change Component Footprint: Designator=C72 Old Footprint=0603 New Footprint=CAPC1608X90N
Change Component Footprint: Designator=C73 Old Footprint=0603 New Footprint=CAPC1608X90N
Change Component Footprint: Designator=L2 Old Footprint=0603L New Footprint=INDC3225X250N
Change Component Footprint: Designator=Q22 Old Footprint=sot-23 New Footprint=SOT23-3
Change Component Footprint: Designator=Q23 Old Footprint=TO-226-AA New Footprint=SOT23-3
Change Component Footprint: Designator=Q24 Old Footprint=TO-226-AA New Footprint=SOT23-3
Change Component Comment : Designator=C59 Old Comment=Capacitor C SMD 0603 New Comment=approved sub OK
Change Component Comment : Designator=C72 Old Comment=Capacitor C SMD 0603 New Comment=approved sub OK
Change Component Comment : Designator=C73 Old Comment=Capacitor C SMD 0603 New Comment=approved sub OK
Change Component Comment : Designator=L2 Old Comment=Inductor SMD NC 0805 New Comment=47n
Change Component Designator: OldDesignator=C62 NewDesignator=C61
Change Component Designator: OldDesignator=C63 NewDesignator=C60
Change Component Designator: OldDesignator=C64 NewDesignator=C63
Change Component Designator: OldDesignator=C65 NewDesignator=C62
Change Component Designator: OldDesignator=C66 NewDesignator=C65
Change Component Designator: OldDesignator=C67 NewDesignator=C64
Change Component Designator: OldDesignator=C68 NewDesignator=C67
Change Component Designator: OldDesignator=C69 NewDesignator=C66
Change Component Designator: OldDesignator=C71 NewDesignator=C69
Change Component Designator: OldDesignator=C77 NewDesignator=C75
Change Component Designator: OldDesignator=C78 NewDesignator=C74
Change Component Designator: OldDesignator=D20 NewDesignator=D19
Change Component Designator: OldDesignator=D21 NewDesignator=D18
Change Component Designator: OldDesignator=R126 NewDesignator=R123
Change Component Designator: OldDesignator=R127 NewDesignator=R124
Change Component Designator: OldDesignator=R128 NewDesignator=R125
Change Component Designator: OldDesignator=R129 NewDesignator=R126
Change Component Designator: OldDesignator=R130 NewDesignator=R127
Change Component Designator: OldDesignator=R131 NewDesignator=R128
Change Component Designator: OldDesignator=SIM Holder1 NewDesignator=SIM Holder2
Change Component Designator: OldDesignator=SIM Holder2 NewDesignator=SIM Holder1
Change component parameters: Designator = "R120" ("R120"); Footprint = "RESC1608X55N"; UniqueID = "\QAJMUSNJ" ("\QAJMUSNJ")
Change component parameters (AddParameter): Name = "Manufacturer 1"; Value = "Vishay/Dale"; VariantName = "[No Variations]"
Change component parameters (AddParameter): Name = "Manufacturer Part Number 1"; Value = "CRCW06034K70JNEA"; VariantName = "[No Variations]"
Change component parameters (AddParameter): Name = "Material"; Value = "Thick Film"; VariantName = "[No Variations]"
Change component parameters (AddParameter): Name = "Package / Case"; Value = "0603 (1608 metric)"; VariantName = "[No Variations]"
Change component parameters (AddParameter): Name = "Ratings"; Value = "1/10 W"; VariantName = "[No Variations]"
Change component parameters (AddParameter): Name = "SCDType"; Value = "spec"; VariantName = "[No Variations]"
Change component parameters (AddParameter): Name = "Supplier 1"; Value = "Digi-Key"; VariantName = "[No Variations]"
Change component parameters (AddParameter): Name = "Supplier Part Number 1"; Value = "541-4.7KGCT-ND"; VariantName = "[No Variations]"
Change component parameters (AddParameter): Name = "Tolerance"; Value = "±5%"; VariantName = "[No Variations]"
Change component parameters (AddParameter): Name = "Value"; Value = "5.6K"; VariantName = "[No Variations]"
Change component parameters: Designator = "R121" ("R121"); Footprint = "RESC1608X55N"; UniqueID = "\DYGSIVAM" ("\DYGSIVAM")
Change component parameters (AddParameter): Name = "Manufacturer 1"; Value = "Vishay/Dale"; VariantName = "[No Variations]"
Change component parameters (AddParameter): Name = "Manufacturer Part Number 1"; Value = "CRCW06034K70JNEA"; VariantName = "[No Variations]"
Change component parameters (AddParameter): Name = "Material"; Value = "Thick Film"; VariantName = "[No Variations]"
Change component parameters (AddParameter): Name = "Package / Case"; Value = "0603 (1608 metric)"; VariantName = "[No Variations]"
Change component parameters (AddParameter): Name = "Ratings"; Value = "1/10 W"; VariantName = "[No Variations]"
Change component parameters (AddParameter): Name = "SCDType"; Value = "spec"; VariantName = "[No Variations]"
Change component parameters (AddParameter): Name = "Supplier 1"; Value = "Digi-Key"; VariantName = "[No Variations]"
Change component parameters (AddParameter): Name = "Supplier Part Number 1"; Value = "541-4.7KGCT-ND"; VariantName = "[No Variations]"
Change component parameters (AddParameter): Name = "Tolerance"; Value = "±5%"; VariantName = "[No Variations]"
Change component parameters (AddParameter): Name = "Value"; Value = "5.6K"; VariantName = "[No Variations]"
Change component parameters: Designator = "R122" ("R122"); Footprint = "RESC1608X55N"; UniqueID = "\ZXLSYMUM" ("\ZXLSYMUM")
Change component parameters (AddParameter): Name = "Manufacturer 1"; Value = "Vishay/Dale"; VariantName = "[No Variations]"
Change component parameters (AddParameter): Name = "Manufacturer Part Number 1"; Value = "CRCW06034K70JNEA"; VariantName = "[No Variations]"
Change component parameters (AddParameter): Name = "Material"; Value = "Thick Film"; VariantName = "[No Variations]"
Change component parameters (AddParameter): Name = "Package / Case"; Value = "0603 (1608 metric)"; VariantName = "[No Variations]"
Change component parameters (AddParameter): Name = "Ratings"; Value = "1/10 W"; VariantName = "[No Variations]"
Change component parameters (AddParameter): Name = "SCDType"; Value = "spec"; VariantName = "[No Variations]"
Change component parameters (AddParameter): Name = "Supplier 1"; Value = "Digi-Key"; VariantName = "[No Variations]"
Change component parameters (AddParameter): Name = "Supplier Part Number 1"; Value = "541-4.7KGCT-ND"; VariantName = "[No Variations]"
Change component parameters (AddParameter): Name = "Tolerance"; Value = "±5%"; VariantName = "[No Variations]"
Change component parameters (AddParameter): Name = "Value"; Value = "0"; VariantName = "[No Variations]"
Change component parameters: Designator = "C59" ("C59"); Footprint = "0603"; UniqueID = "\JBMULRAH" ("\JBMULRAH")
Change component parameters (AddParameter): Name = "ComponentLink1Description"; Value = "http://www.avx.com/docs/Catalogs/cx7r.pdf"; VariantName = "[No Variations]"
Change component parameters (AddParameter): Name = "ComponentLink1URL"; Value = "http://www.avx.com/docs/Catalogs/cx7r.pdf"; VariantName = "[No Variations]"
Change component parameters (AddParameter): Name = "ComponentLink2Description"; Value = "http://product.tdk.com/capacitor/mlcc/en/documents/mlcc_commercial_general_en.pdf"; VariantName = "[No Variations]"
Change component parameters (AddParameter): Name = "ComponentLink2URL"; Value = "http://product.tdk.com/capacitor/mlcc/en/documents/mlcc_commercial_general_en.pdf"; VariantName = "[No Variations]"
Change component parameters (AddParameter): Name = "Manufacturer 1"; Value = "AVX Corporation"; VariantName = "[No Variations]"
Change component parameters (AddParameter): Name = "Manufacturer 2"; Value = "TDK Corporation"; VariantName = "[No Variations]"
Change component parameters (AddParameter): Name = "Manufacturer Part Number 1"; Value = "06035C104KAT2A"; VariantName = "[No Variations]"
Change component parameters (AddParameter): Name = "Manufacturer Part Number 2"; Value = "C1608X7R1H104K"; VariantName = "[No Variations]"
Change component parameters (AddParameter): Name = "Material"; Value = "ceramic"; VariantName = "[No Variations]"
Change component parameters (AddParameter): Name = "Package / Case"; Value = "0603 (1608 Metric)"; VariantName = "[No Variations]"
Change component parameters (AddParameter): Name = "Ratings"; Value = "50V; X7R"; VariantName = "[No Variations]"
Change component parameters (AddParameter): Name = "SCDType"; Value = "spec"; VariantName = "[No Variations]"
Change component parameters (AddParameter): Name = "Supplier 1"; Value = "Digi-Key"; VariantName = "[No Variations]"
Change component parameters (AddParameter): Name = "Supplier 2"; Value = "Digi-Key"; VariantName = "[No Variations]"
Change component parameters (AddParameter): Name = "Supplier Part Number 1"; Value = "478-5052-1-ND"; VariantName = "[No Variations]"
Change component parameters (AddParameter): Name = "Supplier Part Number 2"; Value = "445-1314-1-ND"; VariantName = "[No Variations]"
Change component parameters (AddParameter): Name = "Tolerance"; Value = "±10%"; VariantName = "[No Variations]"
Change component parameters (AddParameter): Name = "Value"; Value = "100n"; VariantName = "[No Variations]"
Change component parameters: Designator = "C72" ("C72"); Footprint = "0603"; UniqueID = "\ADANGQEB" ("\ADANGQEB")
Change component parameters (AddParameter): Name = "ComponentLink1Description"; Value = "http://www.avx.com/docs/Catalogs/cx7r.pdf"; VariantName = "[No Variations]"
Change component parameters (AddParameter): Name = "ComponentLink1URL"; Value = "http://www.avx.com/docs/Catalogs/cx7r.pdf"; VariantName = "[No Variations]"
Change component parameters (AddParameter): Name = "ComponentLink2Description"; Value = "http://product.tdk.com/capacitor/mlcc/en/documents/mlcc_commercial_general_en.pdf"; VariantName = "[No Variations]"
Change component parameters (AddParameter): Name = "ComponentLink2URL"; Value = "http://product.tdk.com/capacitor/mlcc/en/documents/mlcc_commercial_general_en.pdf"; VariantName = "[No Variations]"
Change component parameters (AddParameter): Name = "Manufacturer 1"; Value = "AVX Corporation"; VariantName = "[No Variations]"
Change component parameters (AddParameter): Name = "Manufacturer 2"; Value = "TDK Corporation"; VariantName = "[No Variations]"
Change component parameters (AddParameter): Name = "Manufacturer Part Number 1"; Value = "06035C104KAT2A"; VariantName = "[No Variations]"
Change component parameters (AddParameter): Name = "Manufacturer Part Number 2"; Value = "C1608X7R1H104K"; VariantName = "[No Variations]"
Change component parameters (AddParameter): Name = "Material"; Value = "ceramic"; VariantName = "[No Variations]"
Change component parameters (AddParameter): Name = "Package / Case"; Value = "0603 (1608 Metric)"; VariantName = "[No Variations]"
Change component parameters (AddParameter): Name = "Ratings"; Value = "50V; X7R"; VariantName = "[No Variations]"
Change component parameters (AddParameter): Name = "SCDType"; Value = "spec"; VariantName = "[No Variations]"
Change component parameters (AddParameter): Name = "Supplier 1"; Value = "Digi-Key"; VariantName = "[No Variations]"
Change component parameters (AddParameter): Name = "Supplier 2"; Value = "Digi-Key"; VariantName = "[No Variations]"
Change component parameters (AddParameter): Name = "Supplier Part Number 1"; Value = "478-5052-1-ND"; VariantName = "[No Variations]"
Change component parameters (AddParameter): Name = "Supplier Part Number 2"; Value = "445-1314-1-ND"; VariantName = "[No Variations]"
Change component parameters (AddParameter): Name = "Tolerance"; Value = "±10%"; VariantName = "[No Variations]"
Change component parameters (AddParameter): Name = "Value"; Value = "100n"; VariantName = "[No Variations]"
Change component parameters: Designator = "C73" ("C73"); Footprint = "0603"; UniqueID = "\UXNUAOFP" ("\UXNUAOFP")
Change component parameters (AddParameter): Name = "ComponentLink1Description"; Value = "http://www.avx.com/docs/Catalogs/cx7r.pdf"; VariantName = "[No Variations]"
Change component parameters (AddParameter): Name = "ComponentLink1URL"; Value = "http://www.avx.com/docs/Catalogs/cx7r.pdf"; VariantName = "[No Variations]"
Change component parameters (AddParameter): Name = "ComponentLink2Description"; Value = "http://product.tdk.com/capacitor/mlcc/en/documents/mlcc_commercial_general_en.pdf"; VariantName = "[No Variations]"
Change component parameters (AddParameter): Name = "ComponentLink2URL"; Value = "http://product.tdk.com/capacitor/mlcc/en/documents/mlcc_commercial_general_en.pdf"; VariantName = "[No Variations]"
Change component parameters (AddParameter): Name = "Manufacturer 1"; Value = "AVX Corporation"; VariantName = "[No Variations]"
Change component parameters (AddParameter): Name = "Manufacturer 2"; Value = "TDK Corporation"; VariantName = "[No Variations]"
Change component parameters (AddParameter): Name = "Manufacturer Part Number 1"; Value = "06035C104KAT2A"; VariantName = "[No Variations]"
Change component parameters (AddParameter): Name = "Manufacturer Part Number 2"; Value = "C1608X7R1H104K"; VariantName = "[No Variations]"
Change component parameters (AddParameter): Name = "Material"; Value = "ceramic"; VariantName = "[No Variations]"
Change component parameters (AddParameter): Name = "Package / Case"; Value = "0603 (1608 Metric)"; VariantName = "[No Variations]"
Change component parameters (AddParameter): Name = "Ratings"; Value = "50V; X7R"; VariantName = "[No Variations]"
Change component parameters (AddParameter): Name = "SCDType"; Value = "spec"; VariantName = "[No Variations]"
Change component parameters (AddParameter): Name = "Supplier 1"; Value = "Digi-Key"; VariantName = "[No Variations]"
Change component parameters (AddParameter): Name = "Supplier 2"; Value = "Digi-Key"; VariantName = "[No Variations]"
Change component parameters (AddParameter): Name = "Supplier Part Number 1"; Value = "478-5052-1-ND"; VariantName = "[No Variations]"
Change component parameters (AddParameter): Name = "Supplier Part Number 2"; Value = "445-1314-1-ND"; VariantName = "[No Variations]"
Change component parameters (AddParameter): Name = "Tolerance"; Value = "±10%"; VariantName = "[No Variations]"
Change component parameters (AddParameter): Name = "Value"; Value = "100n"; VariantName = "[No Variations]"
Change component parameters: Designator = "L2" ("L2"); Footprint = "0603L"; UniqueID = "\DJZHJDVJ" ("\DJZHJDVJ")
Change component parameters (AddParameter): Name = "Applications"; Value = "Power Supplies"; VariantName = "[No Variations]"
Change component parameters (AddParameter): Name = "ComponentLink1Description"; Value = "http://www.yuden.co.jp/ut/product/pdf/wound02_e.pdf"; VariantName = "[No Variations]"
Change component parameters (AddParameter): Name = "ComponentLink1URL"; Value = "http://www.yuden.co.jp/ut/product/pdf/wound02_e.pdf"; VariantName = "[No Variations]"
Change component parameters (AddParameter): Name = "Current"; Value = "900mA"; VariantName = "[No Variations]"
Change component parameters (AddParameter): Name = "Current - Saturation"; Value = "900mA"; VariantName = "[No Variations]"
Change component parameters (AddParameter): Name = "Current - Temperature Rise"; Value = "900mA"; VariantName = "[No Variations]"
Change component parameters (AddParameter): Name = "DC Resistance (DCR)"; Value = "172.9 mOhm Max"; VariantName = "[No Variations]"
Change component parameters (AddParameter): Name = "Frequency - Self Resonant"; Value = "23MHz"; VariantName = "[No Variations]"
Change component parameters (AddParameter): Name = "Frequency - Test"; Value = "100kHz"; VariantName = "[No Variations]"
Change component parameters (AddParameter): Name = "Manufacturer 1"; Value = "Taiyo Yuden"; VariantName = "[No Variations]"
Change component parameters (AddParameter): Name = "Manufacturer Part Number 1"; Value = "CBC3225T100MR"; VariantName = "[No Variations]"
Change component parameters (AddParameter): Name = "Operating Temperature"; Value = "-40°C ~ 105°C"; VariantName = "[No Variations]"
Change component parameters (AddParameter): Name = "Package / Case"; Value = "1210 (3225 Metric)"; VariantName = "[No Variations]"
Change component parameters (AddParameter): Name = "Ratings"; Value = "900 mA; 133 mOhm"; VariantName = "[No Variations]"
Change component parameters (AddParameter): Name = "SCDType"; Value = "spec"; VariantName = "[No Variations]"
Change component parameters (AddParameter): Name = "Supplier 1"; Value = "Digi-Key"; VariantName = "[No Variations]"
Change component parameters (AddParameter): Name = "Supplier Part Number 1"; Value = "587-1625-1-ND"; VariantName = "[No Variations]"
Change component parameters (AddParameter): Name = "Tolerance"; Value = "±20%"; VariantName = "[No Variations]"
Change component parameters (AddParameter): Name = "Value"; Value = "47n"; VariantName = "[No Variations]"
Added Component: Designator=C68(CAPC1608X90N)
Add component (AddParameter): Name = "ComponentLink1Description"; Value = "http://www.avx.com/docs/Catalogs/cx7r.pdf"; VariantName = "[No Variations]"
Add component (AddParameter): Name = "ComponentLink1URL"; Value = "http://www.avx.com/docs/Catalogs/cx7r.pdf"; VariantName = "[No Variations]"
Add component (AddParameter): Name = "ComponentLink2Description"; Value = "http://product.tdk.com/capacitor/mlcc/en/documents/mlcc_commercial_general_en.pdf"; VariantName = "[No Variations]"
Add component (AddParameter): Name = "ComponentLink2URL"; Value = "http://product.tdk.com/capacitor/mlcc/en/documents/mlcc_commercial_general_en.pdf"; VariantName = "[No Variations]"
Add component (AddParameter): Name = "Manufacturer 1"; Value = "AVX Corporation"; VariantName = "[No Variations]"
Add component (AddParameter): Name = "Manufacturer 2"; Value = "TDK Corporation"; VariantName = "[No Variations]"
Add component (AddParameter): Name = "Manufacturer Part Number 1"; Value = "06035C104KAT2A"; VariantName = "[No Variations]"
Add component (AddParameter): Name = "Manufacturer Part Number 2"; Value = "C1608X7R1H104K"; VariantName = "[No Variations]"
Add component (AddParameter): Name = "Material"; Value = "ceramic"; VariantName = "[No Variations]"
Add component (AddParameter): Name = "Package / Case"; Value = "0603 (1608 Metric)"; VariantName = "[No Variations]"
Add component (AddParameter): Name = "Ratings"; Value = "50V; X7R"; VariantName = "[No Variations]"
Add component (AddParameter): Name = "SCDType"; Value = "spec"; VariantName = "[No Variations]"
Add component (AddParameter): Name = "Supplier 1"; Value = "Digi-Key"; VariantName = "[No Variations]"
Add component (AddParameter): Name = "Supplier 2"; Value = "Digi-Key"; VariantName = "[No Variations]"
Add component (AddParameter): Name = "Supplier Part Number 1"; Value = "478-5052-1-ND"; VariantName = "[No Variations]"
Add component (AddParameter): Name = "Supplier Part Number 2"; Value = "445-1314-1-ND"; VariantName = "[No Variations]"
Add component (AddParameter): Name = "Tolerance"; Value = "±10%"; VariantName = "[No Variations]"
Add component (AddParameter): Name = "Value"; Value = "100n"; VariantName = "[No Variations]"
Added Component: Designator=C71(CAPC1608X90N)
Add component (AddParameter): Name = "ComponentLink1Description"; Value = "http://www.avx.com/docs/Catalogs/cx7r.pdf"; VariantName = "[No Variations]"
Add component (AddParameter): Name = "ComponentLink1URL"; Value = "http://www.avx.com/docs/Catalogs/cx7r.pdf"; VariantName = "[No Variations]"
Add component (AddParameter): Name = "ComponentLink2Description"; Value = "http://product.tdk.com/capacitor/mlcc/en/documents/mlcc_commercial_general_en.pdf"; VariantName = "[No Variations]"
Add component (AddParameter): Name = "ComponentLink2URL"; Value = "http://product.tdk.com/capacitor/mlcc/en/documents/mlcc_commercial_general_en.pdf"; VariantName = "[No Variations]"
Add component (AddParameter): Name = "Manufacturer 1"; Value = "AVX Corporation"; VariantName = "[No Variations]"
Add component (AddParameter): Name = "Manufacturer 2"; Value = "TDK Corporation"; VariantName = "[No Variations]"
Add component (AddParameter): Name = "Manufacturer Part Number 1"; Value = "06035C104KAT2A"; VariantName = "[No Variations]"
Add component (AddParameter): Name = "Manufacturer Part Number 2"; Value = "C1608X7R1H104K"; VariantName = "[No Variations]"
Add component (AddParameter): Name = "Material"; Value = "ceramic"; VariantName = "[No Variations]"
Add component (AddParameter): Name = "Package / Case"; Value = "0603 (1608 Metric)"; VariantName = "[No Variations]"
Add component (AddParameter): Name = "Ratings"; Value = "50V; X7R"; VariantName = "[No Variations]"
Add component (AddParameter): Name = "SCDType"; Value = "spec"; VariantName = "[No Variations]"
Add component (AddParameter): Name = "Supplier 1"; Value = "Digi-Key"; VariantName = "[No Variations]"
Add component (AddParameter): Name = "Supplier 2"; Value = "Digi-Key"; VariantName = "[No Variations]"
Add component (AddParameter): Name = "Supplier Part Number 1"; Value = "478-5052-1-ND"; VariantName = "[No Variations]"
Add component (AddParameter): Name = "Supplier Part Number 2"; Value = "445-1314-1-ND"; VariantName = "[No Variations]"
Add component (AddParameter): Name = "Tolerance"; Value = "±10%"; VariantName = "[No Variations]"
Add component (AddParameter): Name = "Value"; Value = "100n"; VariantName = "[No Variations]"
Added Component: Designator=D16(LED-0603-YELLOW)
Add component (AddParameter): Name = "LatestRevisionDate"; Value = "08-Jul-2005"; VariantName = "[No Variations]"
Add component (AddParameter): Name = "LatestRevisionNote"; Value = "Mech Layer 1 removed."; VariantName = "[No Variations]"
Add component (AddParameter): Name = "PackageDescription"; Value = "LED; 2 Leads"; VariantName = "[No Variations]"
Add component (AddParameter): Name = "PackageReference"; Value = "LED-0"; VariantName = "[No Variations]"
Add component (AddParameter): Name = "Published"; Value = "8-Jun-2000"; VariantName = "[No Variations]"
Add component (AddParameter): Name = "Publisher"; Value = "Altium Limited"; VariantName = "[No Variations]"
Added Component: Designator=D17(LED-0603)
Add component (AddParameter): Name = "ComponentLink1Description"; Value = "Website Smart World"; VariantName = "[No Variations]"
Add component (AddParameter): Name = "ComponentLink1URL"; Value = "https://www.smartw.ir/"; VariantName = "[No Variations]"
Add component (AddParameter): Name = "ComponentLink2Description"; Value = "Telegram"; VariantName = "[No Variations]"
Add component (AddParameter): Name = "ComponentLink2URL"; Value = "https://t.me/altium_smartw"; VariantName = "[No Variations]"
Add component (AddParameter): Name = "ComponentLink3Description"; Value = "Instagram"; VariantName = "[No Variations]"
Add component (AddParameter): Name = "ComponentLink3URL"; Value = "https://Instagram.com/smartgw.ir"; VariantName = "[No Variations]"
Add component (AddParameter): Name = "DatasheetVersion"; Value = "2021"; VariantName = "[No Variations]"
Added Component: Designator=J12(UFL)
Add component (AddParameter): Name = "ASSEMBLY"; Value = "ASSEMBLY"; VariantName = "[No Variations]"
Add component (AddParameter): Name = "DESC"; Value = "DESCRIPTION"; VariantName = "[No Variations]"
Add component (AddParameter): Name = "DIST#"; Value = "DIGIKEY, MOUSER"; VariantName = "[No Variations]"
Add component (AddParameter): Name = "MANF"; Value = "Linx, Hirose, Cinch"; VariantName = "[No Variations]"
Add component (AddParameter): Name = "MANF_P#"; Value = "CONUFL001-SMD, U.FL-R-SMT-1(10), 128-0711-201"; VariantName = "[No Variations]"
Add component (AddParameter): Name = "PARAM"; Value = "50Ohm, 6GHz"; VariantName = "[No Variations]"
Add component (AddParameter): Name = "PARAM2"; Value = "GOLD"; VariantName = "[No Variations]"
Add component (AddParameter): Name = "PRICE"; Value = "0.9$"; VariantName = "[No Variations]"
Add component (AddParameter): Name = "VALUE"; Value = "U.FL"; VariantName = "[No Variations]"
Added Component: Designator=J13(UFL)
Add component (AddParameter): Name = "ASSEMBLY"; Value = "ASSEMBLY"; VariantName = "[No Variations]"
Add component (AddParameter): Name = "DESC"; Value = "DESCRIPTION"; VariantName = "[No Variations]"
Add component (AddParameter): Name = "DIST#"; Value = "DIGIKEY, MOUSER"; VariantName = "[No Variations]"
Add component (AddParameter): Name = "MANF"; Value = "Linx, Hirose, Cinch"; VariantName = "[No Variations]"
Add component (AddParameter): Name = "MANF_P#"; Value = "CONUFL001-SMD, U.FL-R-SMT-1(10), 128-0711-201"; VariantName = "[No Variations]"
Add component (AddParameter): Name = "PARAM"; Value = "50Ohm, 6GHz"; VariantName = "[No Variations]"
Add component (AddParameter): Name = "PARAM2"; Value = "GOLD"; VariantName = "[No Variations]"
Add component (AddParameter): Name = "PRICE"; Value = "0.9$"; VariantName = "[No Variations]"
Add component (AddParameter): Name = "VALUE"; Value = "U.FL"; VariantName = "[No Variations]"
Added Component: Designator=J14(UFL)
Add component (AddParameter): Name = "ASSEMBLY"; Value = "ASSEMBLY"; VariantName = "[No Variations]"
Add component (AddParameter): Name = "DESC"; Value = "DESCRIPTION"; VariantName = "[No Variations]"
Add component (AddParameter): Name = "DIST#"; Value = "DIGIKEY, MOUSER"; VariantName = "[No Variations]"
Add component (AddParameter): Name = "MANF"; Value = "Linx, Hirose, Cinch"; VariantName = "[No Variations]"
Add component (AddParameter): Name = "MANF_P#"; Value = "CONUFL001-SMD, U.FL-R-SMT-1(10), 128-0711-201"; VariantName = "[No Variations]"
Add component (AddParameter): Name = "PARAM"; Value = "50Ohm, 6GHz"; VariantName = "[No Variations]"
Add component (AddParameter): Name = "PARAM2"; Value = "GOLD"; VariantName = "[No Variations]"
Add component (AddParameter): Name = "PRICE"; Value = "0.9$"; VariantName = "[No Variations]"
Add component (AddParameter): Name = "VALUE"; Value = "U.FL"; VariantName = "[No Variations]"
Added Component: Designator=Q5(SOT23-3)
Add component (AddParameter): Name = "Code_JEDEC"; Value = "TO-226-AA"; VariantName = "[No Variations]"
Add component (AddParameter): Name = "LatestRevisionDate"; Value = "17-Jul-2002"; VariantName = "[No Variations]"
Add component (AddParameter): Name = "LatestRevisionNote"; Value = "Re-released for DXP Platform."; VariantName = "[No Variations]"
Add component (AddParameter): Name = "PackageDescription"; Value = "TO, Flat Index; 3 In-Line, Axial Leads; Body Dia. 4.8mm; Leads 0.55 x 0.51 mm (max)"; VariantName = "[No Variations]"
Add component (AddParameter): Name = "PackageReference"; Value = "TO-226-AA"; VariantName = "[No Variations]"
Add component (AddParameter): Name = "Published"; Value = "8-Jun-2000"; VariantName = "[No Variations]"
Add component (AddParameter): Name = "Publisher"; Value = "Altium Limited"; VariantName = "[No Variations]"
Added Component: Designator=R114(RESC1608X55N)
Add component (AddParameter): Name = "Manufacturer 1"; Value = "Vishay/Dale"; VariantName = "[No Variations]"
Add component (AddParameter): Name = "Manufacturer Part Number 1"; Value = "CRCW06034K70JNEA"; VariantName = "[No Variations]"
Add component (AddParameter): Name = "Material"; Value = "Thick Film"; VariantName = "[No Variations]"
Add component (AddParameter): Name = "Package / Case"; Value = "0603 (1608 metric)"; VariantName = "[No Variations]"
Add component (AddParameter): Name = "Ratings"; Value = "1/10 W"; VariantName = "[No Variations]"
Add component (AddParameter): Name = "SCDType"; Value = "spec"; VariantName = "[No Variations]"
Add component (AddParameter): Name = "Supplier 1"; Value = "Digi-Key"; VariantName = "[No Variations]"
Add component (AddParameter): Name = "Supplier Part Number 1"; Value = "541-4.7KGCT-ND"; VariantName = "[No Variations]"
Add component (AddParameter): Name = "Tolerance"; Value = "±5%"; VariantName = "[No Variations]"
Add component (AddParameter): Name = "Value"; Value = "1K"; VariantName = "[No Variations]"
Added Component: Designator=R115(RESC1608X55N)
Add component (AddParameter): Name = "Manufacturer 1"; Value = "Vishay/Dale"; VariantName = "[No Variations]"
Add component (AddParameter): Name = "Manufacturer Part Number 1"; Value = "CRCW06034K70JNEA"; VariantName = "[No Variations]"
Add component (AddParameter): Name = "Material"; Value = "Thick Film"; VariantName = "[No Variations]"
Add component (AddParameter): Name = "Package / Case"; Value = "0603 (1608 metric)"; VariantName = "[No Variations]"
Add component (AddParameter): Name = "Ratings"; Value = "1/10 W"; VariantName = "[No Variations]"
Add component (AddParameter): Name = "SCDType"; Value = "spec"; VariantName = "[No Variations]"
Add component (AddParameter): Name = "Supplier 1"; Value = "Digi-Key"; VariantName = "[No Variations]"
Add component (AddParameter): Name = "Supplier Part Number 1"; Value = "541-4.7KGCT-ND"; VariantName = "[No Variations]"
Add component (AddParameter): Name = "Tolerance"; Value = "±5%"; VariantName = "[No Variations]"
Add component (AddParameter): Name = "Value"; Value = "1K"; VariantName = "[No Variations]"
Added Component: Designator=R116(RESC1608X55N)
Add component (AddParameter): Name = "Manufacturer 1"; Value = "Vishay/Dale"; VariantName = "[No Variations]"
Add component (AddParameter): Name = "Manufacturer Part Number 1"; Value = "CRCW06034K70JNEA"; VariantName = "[No Variations]"
Add component (AddParameter): Name = "Material"; Value = "Thick Film"; VariantName = "[No Variations]"
Add component (AddParameter): Name = "Package / Case"; Value = "0603 (1608 metric)"; VariantName = "[No Variations]"
Add component (AddParameter): Name = "Ratings"; Value = "1/10 W"; VariantName = "[No Variations]"
Add component (AddParameter): Name = "SCDType"; Value = "spec"; VariantName = "[No Variations]"
Add component (AddParameter): Name = "Supplier 1"; Value = "Digi-Key"; VariantName = "[No Variations]"
Add component (AddParameter): Name = "Supplier Part Number 1"; Value = "541-4.7KGCT-ND"; VariantName = "[No Variations]"
Add component (AddParameter): Name = "Tolerance"; Value = "±5%"; VariantName = "[No Variations]"
Add component (AddParameter): Name = "Value"; Value = "1K"; VariantName = "[No Variations]"
Added Component: Designator=R117(RESC1608X55N)
Add component (AddParameter): Name = "Manufacturer 1"; Value = "Vishay/Dale"; VariantName = "[No Variations]"
Add component (AddParameter): Name = "Manufacturer Part Number 1"; Value = "CRCW06034K70JNEA"; VariantName = "[No Variations]"
Add component (AddParameter): Name = "Material"; Value = "Thick Film"; VariantName = "[No Variations]"
Add component (AddParameter): Name = "Package / Case"; Value = "0603 (1608 metric)"; VariantName = "[No Variations]"
Add component (AddParameter): Name = "Ratings"; Value = "1/10 W"; VariantName = "[No Variations]"
Add component (AddParameter): Name = "SCDType"; Value = "spec"; VariantName = "[No Variations]"
Add component (AddParameter): Name = "Supplier 1"; Value = "Digi-Key"; VariantName = "[No Variations]"
Add component (AddParameter): Name = "Supplier Part Number 1"; Value = "541-4.7KGCT-ND"; VariantName = "[No Variations]"
Add component (AddParameter): Name = "Tolerance"; Value = "±5%"; VariantName = "[No Variations]"
Add component (AddParameter): Name = "Value"; Value = "1K"; VariantName = "[No Variations]"
Added Component: Designator=R118(RESC1608X55N)
Add component (AddParameter): Name = "Manufacturer 1"; Value = "Vishay/Dale"; VariantName = "[No Variations]"
Add component (AddParameter): Name = "Manufacturer Part Number 1"; Value = "CRCW06034K70JNEA"; VariantName = "[No Variations]"
Add component (AddParameter): Name = "Material"; Value = "Thick Film"; VariantName = "[No Variations]"
Add component (AddParameter): Name = "Package / Case"; Value = "0603 (1608 metric)"; VariantName = "[No Variations]"
Add component (AddParameter): Name = "Ratings"; Value = "1/10 W"; VariantName = "[No Variations]"
Add component (AddParameter): Name = "SCDType"; Value = "spec"; VariantName = "[No Variations]"
Add component (AddParameter): Name = "Supplier 1"; Value = "Digi-Key"; VariantName = "[No Variations]"
Add component (AddParameter): Name = "Supplier Part Number 1"; Value = "541-4.7KGCT-ND"; VariantName = "[No Variations]"
Add component (AddParameter): Name = "Tolerance"; Value = "±5%"; VariantName = "[No Variations]"
Add component (AddParameter): Name = "Value"; Value = "0"; VariantName = "[No Variations]"
Added Component: Designator=R119(RESC1608X55N)
Add component (AddParameter): Name = "Manufacturer 1"; Value = "Vishay/Dale"; VariantName = "[No Variations]"
Add component (AddParameter): Name = "Manufacturer Part Number 1"; Value = "CRCW06034K70JNEA"; VariantName = "[No Variations]"
Add component (AddParameter): Name = "Material"; Value = "Thick Film"; VariantName = "[No Variations]"
Add component (AddParameter): Name = "Package / Case"; Value = "0603 (1608 metric)"; VariantName = "[No Variations]"
Add component (AddParameter): Name = "Ratings"; Value = "1/10 W"; VariantName = "[No Variations]"
Add component (AddParameter): Name = "SCDType"; Value = "spec"; VariantName = "[No Variations]"
Add component (AddParameter): Name = "Supplier 1"; Value = "Digi-Key"; VariantName = "[No Variations]"
Add component (AddParameter): Name = "Supplier Part Number 1"; Value = "541-4.7KGCT-ND"; VariantName = "[No Variations]"
Add component (AddParameter): Name = "Tolerance"; Value = "±5%"; VariantName = "[No Variations]"
Add component (AddParameter): Name = "Value"; Value = "0"; VariantName = "[No Variations]"
Added Component: Designator=R129(RESC1608X55N)
Add component (AddParameter): Name = "Manufacturer 1"; Value = "Vishay/Dale"; VariantName = "[No Variations]"
Add component (AddParameter): Name = "Manufacturer Part Number 1"; Value = "CRCW06034K70JNEA"; VariantName = "[No Variations]"
Add component (AddParameter): Name = "Material"; Value = "Thick Film"; VariantName = "[No Variations]"
Add component (AddParameter): Name = "Package / Case"; Value = "0603 (1608 metric)"; VariantName = "[No Variations]"
Add component (AddParameter): Name = "Ratings"; Value = "1/10 W"; VariantName = "[No Variations]"
Add component (AddParameter): Name = "SCDType"; Value = "spec"; VariantName = "[No Variations]"
Add component (AddParameter): Name = "Supplier 1"; Value = "Digi-Key"; VariantName = "[No Variations]"
Add component (AddParameter): Name = "Supplier Part Number 1"; Value = "541-4.7KGCT-ND"; VariantName = "[No Variations]"
Add component (AddParameter): Name = "Tolerance"; Value = "±5%"; VariantName = "[No Variations]"
Add component (AddParameter): Name = "Value"; Value = "0"; VariantName = "[No Variations]"
Added Component: Designator=R130(RESC1608X55N)
Add component (AddParameter): Name = "Manufacturer 1"; Value = "Vishay/Dale"; VariantName = "[No Variations]"
Add component (AddParameter): Name = "Manufacturer Part Number 1"; Value = "CRCW06034K70JNEA"; VariantName = "[No Variations]"
Add component (AddParameter): Name = "Material"; Value = "Thick Film"; VariantName = "[No Variations]"
Add component (AddParameter): Name = "Package / Case"; Value = "0603 (1608 metric)"; VariantName = "[No Variations]"
Add component (AddParameter): Name = "Ratings"; Value = "1/10 W"; VariantName = "[No Variations]"
Add component (AddParameter): Name = "SCDType"; Value = "spec"; VariantName = "[No Variations]"
Add component (AddParameter): Name = "Supplier 1"; Value = "Digi-Key"; VariantName = "[No Variations]"
Add component (AddParameter): Name = "Supplier Part Number 1"; Value = "541-4.7KGCT-ND"; VariantName = "[No Variations]"
Add component (AddParameter): Name = "Tolerance"; Value = "±5%"; VariantName = "[No Variations]"
Add component (AddParameter): Name = "Value"; Value = "0"; VariantName = "[No Variations]"
Added Component: Designator=R131(RESC1608X55N)
Add component (AddParameter): Name = "Manufacturer 1"; Value = "Vishay/Dale"; VariantName = "[No Variations]"
Add component (AddParameter): Name = "Manufacturer Part Number 1"; Value = "CRCW06034K70JNEA"; VariantName = "[No Variations]"
Add component (AddParameter): Name = "Material"; Value = "Thick Film"; VariantName = "[No Variations]"
Add component (AddParameter): Name = "Package / Case"; Value = "0603 (1608 metric)"; VariantName = "[No Variations]"
Add component (AddParameter): Name = "Ratings"; Value = "1/10 W"; VariantName = "[No Variations]"
Add component (AddParameter): Name = "SCDType"; Value = "spec"; VariantName = "[No Variations]"
Add component (AddParameter): Name = "Supplier 1"; Value = "Digi-Key"; VariantName = "[No Variations]"
Add component (AddParameter): Name = "Supplier Part Number 1"; Value = "541-4.7KGCT-ND"; VariantName = "[No Variations]"
Add component (AddParameter): Name = "Tolerance"; Value = "±5%"; VariantName = "[No Variations]"
Add component (AddParameter): Name = "Value"; Value = "10"; VariantName = "[No Variations]"
Added Pin To Net: NetName=RF_ANT Pin=C58-1
Added Pin To Net: NetName=GND Pin=C60-1
Added Pin To Net: NetName=GND Pin=C62-1
Added Pin To Net: NetName=GND Pin=C64-1
Added Pin To Net: NetName=GND Pin=C66-1
Added Pin To Net: NetName=BT_ANT Pin=C68-1
Added Pin To Net: NetName=GND Pin=C68-2
Added Pin To Net: NetName=GND Pin=C69-1
Added Pin To Net: NetName=GND Pin=C71-2
Added Pin To Net: NetName=GND Pin=C72-2
Added Pin To Net: NetName=GND Pin=C73-2
Added Pin To Net: NetName=GND Pin=D18-2
Added Pin To Net: NetName=GND Pin=J12-2
Added Pin To Net: NetName=GND Pin=J12-3
Added Pin To Net: NetName=GND Pin=J13-2
Added Pin To Net: NetName=GND Pin=J13-3
Added Pin To Net: NetName=GND Pin=J14-2
Added Pin To Net: NetName=GND Pin=J14-3
Added Pin To Net: NetName=MCU_GND Pin=Q1-2
Added Pin To Net: NetName=NetD2_1 Pin=Q1-3
Added Pin To Net: NetName=MCU_GND Pin=Q2-2
Added Pin To Net: NetName=NetD4_1 Pin=Q2-3
Added Pin To Net: NetName=NetD3_1 Pin=Q3-3
Added Pin To Net: NetName=MCU_GND Pin=Q4-2
Added Pin To Net: NetName=NetD5_1 Pin=Q4-3
Added Pin To Net: NetName=NetQ5_3 Pin=Q5-2
Added Pin To Net: NetName=MCU_3V3 Pin=Q5-3
Added Pin To Net: NetName=NetQ6_3 Pin=Q6-2
Added Pin To Net: NetName=MCU_3V3 Pin=Q6-3
Added Pin To Net: NetName=NetD6_2 Pin=Q9-3
Added Pin To Net: NetName=NetD7_2 Pin=Q10-3
Added Pin To Net: NetName=NetQ11_3 Pin=Q11-2
Added Pin To Net: NetName=MCU_3V3 Pin=Q11-3
Added Pin To Net: NetName=NetQ12_3 Pin=Q12-2
Added Pin To Net: NetName=MCU_3V3 Pin=Q12-3
Added Pin To Net: NetName=NetD10_2 Pin=Q15-3
Added Pin To Net: NetName=NetD11_2 Pin=Q16-3
Added Pin To Net: NetName=MCU_GND Pin=Q17-2
Added Pin To Net: NetName=NetC25_1 Pin=Q17-3
Added Pin To Net: NetName=MCU_GND Pin=Q18-2
Added Pin To Net: NetName=NetC26_1 Pin=Q18-3
Added Pin To Net: NetName=GND Pin=Q19-2
Added Pin To Net: NetName=GSM_NETLIGHT Pin=Q22-2
Added Pin To Net: NetName=GND Pin=Q23-2
Added Pin To Net: NetName=PWR_KEY Pin=Q23-3
Added Pin To Net: NetName=GSM_1PPS Pin=Q24-2
Added Pin To Net: NetName=NetQ3_2 Pin=R15-1
Added Pin To Net: NetName=NetQ9_2 Pin=R35-1
Added Pin To Net: NetName=NetQ10_2 Pin=R36-1
Added Pin To Net: NetName=NetQ15_2 Pin=R55-1
Added Pin To Net: NetName=NetQ16_2 Pin=R56-1
Added Pin To Net: NetName=NetQ22_1 Pin=R104-2
Added Pin To Net: NetName=NetQ22_1 Pin=R105-1
Added Pin To Net: NetName=NetQ24_1 Pin=R110-2
Added Pin To Net: NetName=NetQ24_1 Pin=R111-1
Added Pin To Net: NetName=GND Pin=R115-1
Added Pin To Net: NetName=GND Pin=R117-1
Added Pin To Net: NetName=GND Pin=R120-1
Added Pin To Net: NetName=GND Pin=R121-1
Added Pin To Net: NetName=GND Pin=R121-2
Added Pin To Net: NetName=RF_ANT Pin=R122-2
Added Pin To Net: NetName=BT_ANT Pin=R129-2
Added Pin To Net: NetName=GPS_3V3 Pin=R131-1
Added Pin To Net: NetName=NetL2_2 Pin=R131-2
Added Pin To Net: NetName=GND Pin=U7-34
Added Pin To Net: NetName=GND Pin=U7-37
Change Net Name : Old Net Name=GND New Net Name=GSM_DTR
Change Net Name : Old Net Name=NetC25_1 New Net Name=E_RST
Change Net Name : Old Net Name=NetC26_1 New Net Name=E_EN
Change Net Name : Old Net Name=NetC62_2 New Net Name=NetC61_2
Change Net Name : Old Net Name=NetC63_2 New Net Name=NetC60_2
Change Net Name : Old Net Name=NetC64_2 New Net Name=NetC63_2
Change Net Name : Old Net Name=NetC65_2 New Net Name=NetC62_2
Change Net Name : Old Net Name=NetC68_2 New Net Name=NetC67_2
Change Net Name : Old Net Name=NetC69_2 New Net Name=NetC66_2
Change Net Name : Old Net Name=NetQ5_3 New Net Name=NetQ5_2
Change Net Name : Old Net Name=NetQ6_3 New Net Name=NetQ6_2
Change Net Name : Old Net Name=NetQ11_3 New Net Name=NetQ11_2
Change Net Name : Old Net Name=NetQ12_3 New Net Name=NetQ12_2
Change Net Color : Old Net Color=RGB(110, 255, 255) New Net Color=Default
Change Net Color : Old Net Color=RGB(110, 255, 110) New Net Color=RGB(70, 108, 24)
Added Pin To Net: NetName=AUX_RXD Pin=R119-2
Added Pin To Net: NetName=AUX_RXD Pin=U7-24
Added Net: Name=AUX_RXD
Added Pin To Net: NetName=AUX_TXD Pin=R118-2
Added Pin To Net: NetName=AUX_TXD Pin=U7-25
Added Net: Name=AUX_TXD
Added Pin To Net: NetName=GNSS_PWR_EN Pin=U7-28
Added Net: Name=GNSS_PWR_EN
Added Pin To Net: NetName=GNSS_RXD Pin=R118-1
Added Pin To Net: NetName=GNSS_RXD Pin=U7-23
Added Net: Name=GNSS_RXD
Added Pin To Net: NetName=GNSS_TXD Pin=R119-1
Added Pin To Net: NetName=GNSS_TXD Pin=U7-22
Added Net: Name=GNSS_TXD
Added Pin To Net: NetName=GPS_ANT Pin=C72-1
Added Pin To Net: NetName=GPS_ANT Pin=R130-2
Added Pin To Net: NetName=GPS_ANT Pin=U7-15
Added Net: Name=GPS_ANT
Added Pin To Net: NetName=GSM_GIR Pin=R114-2
Added Net: Name=GSM_GIR
Added Pin To Net: NetName=GSM_IR Pin=R114-1
Added Pin To Net: NetName=GSM_IR Pin=U7-35
Added Net: Name=GSM_IR
Added Pin To Net: NetName=GSM_TX Pin=R116-1
Added Pin To Net: NetName=GSM_TX Pin=U7-33
Added Net: Name=GSM_TX
Added Pin To Net: NetName=MCU_GDTR Pin=R115-2
Added Net: Name=MCU_GDTR
Added Pin To Net: NetName=MCU_GRX Pin=R116-2
Added Net: Name=MCU_GRX
Added Pin To Net: NetName=MCU_GTX Pin=R117-2
Added Net: Name=MCU_GTX
Added Pin To Net: NetName=NetC59_1 Pin=C59-1
Added Pin To Net: NetName=NetC59_1 Pin=J12-1
Added Pin To Net: NetName=NetC59_1 Pin=R122-1
Added Net: Name=NetC59_1
Added Pin To Net: NetName=NetC69_2 Pin=C69-2
Added Pin To Net: NetName=NetC69_2 Pin=D18-1
Added Net: Name=NetC69_2
Added Pin To Net: NetName=NetC71_1 Pin=C71-1
Added Pin To Net: NetName=NetC71_1 Pin=J13-1
Added Pin To Net: NetName=NetC71_1 Pin=R129-1
Added Net: Name=NetC71_1
Added Pin To Net: NetName=NetC73_1 Pin=C73-1
Added Pin To Net: NetName=NetC73_1 Pin=J14-1
Added Pin To Net: NetName=NetC73_1 Pin=L2-1
Added Pin To Net: NetName=NetC73_1 Pin=R130-1
Added Net: Name=NetC73_1
Added Pin To Net: NetName=NetQ1_1 Pin=Q1-1
Added Pin To Net: NetName=NetQ1_1 Pin=R9-2
Added Pin To Net: NetName=NetQ1_1 Pin=R10-2
Added Net: Name=NetQ1_1
Added Pin To Net: NetName=NetQ2_1 Pin=Q2-1
Added Pin To Net: NetName=NetQ2_1 Pin=R13-2
Added Net: Name=NetQ2_1
Added Pin To Net: NetName=NetQ3_1 Pin=Q3-1
Added Pin To Net: NetName=NetQ3_1 Pin=R12-2
Added Net: Name=NetQ3_1
Added Pin To Net: NetName=NetQ4_1 Pin=Q4-1
Added Pin To Net: NetName=NetQ4_1 Pin=R16-2
Added Net: Name=NetQ4_1
Added Pin To Net: NetName=NetQ5_1 Pin=Q5-1
Added Pin To Net: NetName=NetQ5_1 Pin=R19-2
Added Pin To Net: NetName=NetQ5_1 Pin=R21-2
Added Net: Name=NetQ5_1
Added Pin To Net: NetName=NetQ6_1 Pin=Q6-1
Added Pin To Net: NetName=NetQ6_1 Pin=R20-2
Added Pin To Net: NetName=NetQ6_1 Pin=R22-2
Added Net: Name=NetQ6_1
Added Pin To Net: NetName=NetQ9_1 Pin=Q9-1
Added Pin To Net: NetName=NetQ9_1 Pin=R31-2
Added Net: Name=NetQ9_1
Added Pin To Net: NetName=NetQ10_1 Pin=Q10-1
Added Pin To Net: NetName=NetQ10_1 Pin=R32-2
Added Net: Name=NetQ10_1
Added Pin To Net: NetName=NetQ11_1 Pin=Q11-1
Added Pin To Net: NetName=NetQ11_1 Pin=R39-2
Added Pin To Net: NetName=NetQ11_1 Pin=R41-2
Added Net: Name=NetQ11_1
Added Pin To Net: NetName=NetQ12_1 Pin=Q12-1
Added Pin To Net: NetName=NetQ12_1 Pin=R40-2
Added Pin To Net: NetName=NetQ12_1 Pin=R42-2
Added Net: Name=NetQ12_1
Added Pin To Net: NetName=NetQ15_1 Pin=Q15-1
Added Pin To Net: NetName=NetQ15_1 Pin=R51-2
Added Net: Name=NetQ15_1
Added Pin To Net: NetName=NetQ16_1 Pin=Q16-1
Added Pin To Net: NetName=NetQ16_1 Pin=R52-2
Added Net: Name=NetQ16_1
Added Pin To Net: NetName=NetQ17_1 Pin=Q17-1
Added Pin To Net: NetName=NetQ17_1 Pin=R59-2
Added Net: Name=NetQ17_1
Added Pin To Net: NetName=NetQ18_1 Pin=Q18-1
Added Pin To Net: NetName=NetQ18_1 Pin=R60-2
Added Net: Name=NetQ18_1
Added Pin To Net: NetName=NetQ19_1 Pin=Q19-1
Added Pin To Net: NetName=NetQ19_1 Pin=R84-2
Added Net: Name=NetQ19_1
Added Pin To Net: NetName=NetQ22_3 Pin=Q22-3
Added Pin To Net: NetName=NetQ22_3 Pin=R108-2
Added Net: Name=NetQ22_3
Added Pin To Net: NetName=NetQ23_1 Pin=Q23-1
Added Pin To Net: NetName=NetQ23_1 Pin=R103-1
Added Pin To Net: NetName=NetQ23_1 Pin=R106-1
Added Net: Name=NetQ23_1
Added Pin To Net: NetName=NetQ24_3 Pin=Q24-3
Added Pin To Net: NetName=NetQ24_3 Pin=R113-2
Added Net: Name=NetQ24_3
Added Pin To Net: NetName=SDM_VDD_EXT Pin=U7-43
Added Net: Name=SDM_VDD_EXT
Added Pin To Net: NetName=W_RST Pin=C45-1
Added Pin To Net: NetName=W_RST Pin=Q19-3
Added Pin To Net: NetName=W_RST Pin=R85-2
Added Pin To Net: NetName=W_RST Pin=U5-37
Added Net: Name=W_RST
Added Member To Class: ClassName=MC60 Member=Component D16 LED0
Added Member To Class: ClassName=MC60 Member=Component D17 LED SMD 0805
Added Member To Class: ClassName=MC60 Member=Component J12 U.FL
Added Member To Class: ClassName=MC60 Member=Component J13 U.FL
Added Member To Class: ClassName=MC60 Member=Component J14 U.FL
Added Member To Class: ClassName=MCU2 Member=Component Q5 NPN
Added Member To Class: ClassName=MC60 Member=Component R114 Thick Film
Added Member To Class: ClassName=MC60 Member=Component R115 Thick Film
Added Member To Class: ClassName=MC60 Member=Component R116 Thick Film
Added Member To Class: ClassName=MC60 Member=Component R117 Thick Film
Added Member To Class: ClassName=MC60 Member=Component R118 Thick Film
Added Member To Class: ClassName=MC60 Member=Component R119 Thick Film
Added Member To Class: ClassName=MC60 Member=Component R131 Thick Film
