Removed Pin From Net: NetName=5V0GSM Pin= -1
Removed Pin From Net: NetName=5V0GSM Pin=C96-1
Removed Pin From Net: NetName=GSM_4V0 Pin=F3-2
Removed Pin From Net: NetName=5V0GSM Pin=IC1-1
Removed Pin From Net: NetName=5V0GSM Pin=IC1-2
Added Pin To Net: NetName=GSM_4V0 Pin=C100-1
Added Pin To Net: NetName=GSM_4V0 Pin=C101-1
Added Pin To Net: NetName=5V0GSM Pin=F3-1
Added Pin To Net: NetName=GSM_4V0 Pin=IC1-4
Added Pin To Net: NetName=GSM_4V0 Pin=R151-2
Added Pin To Net: NetName=GSM_4V0 Pin=R152-1
Added Pin To Net: NetName=Net_1 Pin= -1
Added Pin To Net: NetName=Net_1 Pin=C96-1
Added Pin To Net: NetName=Net_1 Pin=F3-2
Added Pin To Net: NetName=Net_1 Pin=IC1-1
Added Pin To Net: NetName=Net_1 Pin=IC1-2
Added Net: Name=Net_1
Added Member To Class: ClassName=MCU2 Member=Component X3 Phoenix MKDSN 03
Added Room: Name=MC60
Added Room: Name=MCU1
Added Room: Name=MCU2
Added Room: Name=MCU3
Added Room: Name=MCU4
Added Room: Name=Power
Added Room: Name=W5500
Added Room: Name=Wifi
