Removed Pin From Net: NetName=GND Pin=R67-2
Removed Pin From Net: NetName=GND Pin=R68-2
Removed Pin From Net: NetName=GND Pin=R69-2
Removed Pin From Net: NetName=GND Pin=R70-2
Removed Pin From Net: NetName=GND Pin=R71-2
Removed Pin From Net: NetName=GND Pin=R72-2
Removed Pin From Net: NetName=NetR69_1 Pin=U5-39
Removed Pin From Net: NetName=NetR70_1 Pin=U5-40
Removed Member From Class: ClassName=W5500 Member=R67
Removed Member From Class: ClassName=W5500 Member=R68
Removed Member From Class: ClassName=W5500 Member=R84
Removed Member From Class: ClassName=W5500 Member=R85
Removed Member From Class: ClassName=MCU1 Member=R155
Removed Member From Class: ClassName=MCU1 Member=R156
Change Component Footprint: Designator=R69 Old Footprint=RESC1608X55N New Footprint=RP0603X4
Change Component Footprint: Designator=R70 Old Footprint=RESC1608X55N New Footprint=RP0603X4
Change Component Comment : Designator=R69 Old Comment=Thick Film New Comment=Resistor Array SMD
Change Component Comment : Designator=R70 Old Comment=Thick Film New Comment=Resistor Array SMD
Change Component Designator: OldDesignator=R14 NewDesignator=R16
Change Component Designator: OldDesignator=R15 NewDesignator=R17
Change Component Designator: OldDesignator=R16 NewDesignator=R18
Change Component Designator: OldDesignator=R18 NewDesignator=R20
Change Component Designator: OldDesignator=R19 NewDesignator=R21
Change Component Designator: OldDesignator=R20 NewDesignator=R22
Change Component Designator: OldDesignator=R21 NewDesignator=R23
Change Component Designator: OldDesignator=R22 NewDesignator=R24
Change Component Designator: OldDesignator=R23 NewDesignator=R25
Change Component Designator: OldDesignator=R24 NewDesignator=R26
Change Component Designator: OldDesignator=R25 NewDesignator=R27
Change Component Designator: OldDesignator=R26 NewDesignator=R28
Change Component Designator: OldDesignator=R27 NewDesignator=R29
Change Component Designator: OldDesignator=R28 NewDesignator=R30
Change Component Designator: OldDesignator=R29 NewDesignator=R31
Change Component Designator: OldDesignator=R30 NewDesignator=R32
Change Component Designator: OldDesignator=R31 NewDesignator=R33
Change Component Designator: OldDesignator=R32 NewDesignator=R34
Change Component Designator: OldDesignator=R33 NewDesignator=R35
Change Component Designator: OldDesignator=R34 NewDesignator=R36
Change Component Designator: OldDesignator=R35 NewDesignator=R37
Change Component Designator: OldDesignator=R36 NewDesignator=R38
Change Component Designator: OldDesignator=R37 NewDesignator=R39
Change Component Designator: OldDesignator=R38 NewDesignator=R40
Change Component Designator: OldDesignator=R39 NewDesignator=R41
Change Component Designator: OldDesignator=R40 NewDesignator=R42
Change Component Designator: OldDesignator=R41 NewDesignator=R43
Change Component Designator: OldDesignator=R42 NewDesignator=R44
Change Component Designator: OldDesignator=R43 NewDesignator=R45
Change Component Designator: OldDesignator=R44 NewDesignator=R46
Change Component Designator: OldDesignator=R45 NewDesignator=R47
Change Component Designator: OldDesignator=R46 NewDesignator=R48
Change Component Designator: OldDesignator=R47 NewDesignator=R49
Change Component Designator: OldDesignator=R48 NewDesignator=R50
Change Component Designator: OldDesignator=R49 NewDesignator=R51
Change Component Designator: OldDesignator=R50 NewDesignator=R52
Change Component Designator: OldDesignator=R51 NewDesignator=R53
Change Component Designator: OldDesignator=R52 NewDesignator=R54
Change Component Designator: OldDesignator=R53 NewDesignator=R55
Change Component Designator: OldDesignator=R54 NewDesignator=R56
Change Component Designator: OldDesignator=R55 NewDesignator=R57
Change Component Designator: OldDesignator=R56 NewDesignator=R58
Change Component Designator: OldDesignator=R57 NewDesignator=R59
Change Component Designator: OldDesignator=R58 NewDesignator=R60
Change Component Designator: OldDesignator=R59 NewDesignator=R61
Change Component Designator: OldDesignator=R60 NewDesignator=R62
Change Component Designator: OldDesignator=R61 NewDesignator=R63
Change Component Designator: OldDesignator=R62 NewDesignator=R64
Change Component Designator: OldDesignator=R63 NewDesignator=R65
Change Component Designator: OldDesignator=R64 NewDesignator=R66
Change Component Designator: OldDesignator=R65 NewDesignator=R67
Change Component Designator: OldDesignator=R66 NewDesignator=R68
Change Component Designator: OldDesignator=R73 NewDesignator=R71
Change Component Designator: OldDesignator=R74 NewDesignator=R72
Change Component Designator: OldDesignator=R75 NewDesignator=R73
Change Component Designator: OldDesignator=R76 NewDesignator=R74
Change Component Designator: OldDesignator=R77 NewDesignator=R75
Change Component Designator: OldDesignator=R78 NewDesignator=R76
Change Component Designator: OldDesignator=R79 NewDesignator=R77
Change Component Designator: OldDesignator=R80 NewDesignator=R78
Change Component Designator: OldDesignator=R81 NewDesignator=R79
Change Component Designator: OldDesignator=R82 NewDesignator=R80
Change Component Designator: OldDesignator=R83 NewDesignator=R81
Change Component Designator: OldDesignator=R84 NewDesignator=R82
Change Component Designator: OldDesignator=R85 NewDesignator=R83
Change Component Designator: OldDesignator=R86 NewDesignator=R84
Change Component Designator: OldDesignator=R87 NewDesignator=R85
Change Component Designator: OldDesignator=R88 NewDesignator=R86
Change Component Designator: OldDesignator=R89 NewDesignator=R87
Change Component Designator: OldDesignator=R90 NewDesignator=R88
Change Component Designator: OldDesignator=R91 NewDesignator=R89
Change Component Designator: OldDesignator=R92 NewDesignator=R90
Change Component Designator: OldDesignator=R93 NewDesignator=R91
Change Component Designator: OldDesignator=R94 NewDesignator=R92
Change Component Designator: OldDesignator=R95 NewDesignator=R93
Change Component Designator: OldDesignator=R96 NewDesignator=R94
Change Component Designator: OldDesignator=R97 NewDesignator=R95
Change Component Designator: OldDesignator=R98 NewDesignator=R96
Change Component Designator: OldDesignator=R99 NewDesignator=R97
Change Component Designator: OldDesignator=R100 NewDesignator=R98
Change Component Designator: OldDesignator=R101 NewDesignator=R99
Change Component Designator: OldDesignator=R102 NewDesignator=R100
Change Component Designator: OldDesignator=R103 NewDesignator=R101
Change Component Designator: OldDesignator=R104 NewDesignator=R102
Change Component Designator: OldDesignator=R105 NewDesignator=R103
Change Component Designator: OldDesignator=R106 NewDesignator=R104
Change Component Designator: OldDesignator=R107 NewDesignator=R105
Change Component Designator: OldDesignator=R108 NewDesignator=R106
Change Component Designator: OldDesignator=R109 NewDesignator=R107
Change Component Designator: OldDesignator=R110 NewDesignator=R108
Change Component Designator: OldDesignator=R111 NewDesignator=R109
Change Component Designator: OldDesignator=R112 NewDesignator=R110
Change Component Designator: OldDesignator=R113 NewDesignator=R111
Change Component Designator: OldDesignator=R114 NewDesignator=R112
Change Component Designator: OldDesignator=R115 NewDesignator=R113
Change Component Designator: OldDesignator=R116 NewDesignator=R114
Change Component Designator: OldDesignator=R117 NewDesignator=R115
Change Component Designator: OldDesignator=R118 NewDesignator=R116
Change Component Designator: OldDesignator=R119 NewDesignator=R117
Change Component Designator: OldDesignator=R120 NewDesignator=R118
Change Component Designator: OldDesignator=R121 NewDesignator=R119
Change Component Designator: OldDesignator=R122 NewDesignator=R120
Change Component Designator: OldDesignator=R123 NewDesignator=R121
Change Component Designator: OldDesignator=R124 NewDesignator=R122
Change Component Designator: OldDesignator=R125 NewDesignator=R123
Change Component Designator: OldDesignator=R126 NewDesignator=R124
Change Component Designator: OldDesignator=R127 NewDesignator=R125
Change Component Designator: OldDesignator=R128 NewDesignator=R126
Change Component Designator: OldDesignator=R129 NewDesignator=R127
Change Component Designator: OldDesignator=R130 NewDesignator=R128
Change Component Designator: OldDesignator=R131 NewDesignator=R129
Change Component Designator: OldDesignator=R132 NewDesignator=R130
Change Component Designator: OldDesignator=R133 NewDesignator=R131
Change Component Designator: OldDesignator=R134 NewDesignator=R132
Change Component Designator: OldDesignator=R135 NewDesignator=R133
Change Component Designator: OldDesignator=R136 NewDesignator=R134
Change Component Designator: OldDesignator=R137 NewDesignator=R135
Change Component Designator: OldDesignator=R138 NewDesignator=R136
Change Component Designator: OldDesignator=R139 NewDesignator=R137
Change Component Designator: OldDesignator=R140 NewDesignator=R138
Change Component Designator: OldDesignator=R141 NewDesignator=R139
Change Component Designator: OldDesignator=R142 NewDesignator=R140
Change Component Designator: OldDesignator=R143 NewDesignator=R141
Change Component Designator: OldDesignator=R144 NewDesignator=R142
Change Component Designator: OldDesignator=R145 NewDesignator=R143
Change Component Designator: OldDesignator=R146 NewDesignator=R144
Change Component Designator: OldDesignator=R147 NewDesignator=R145
Change Component Designator: OldDesignator=R148 NewDesignator=R146
Change Component Designator: OldDesignator=R149 NewDesignator=R147
Change Component Designator: OldDesignator=R150 NewDesignator=R148
Change Component Designator: OldDesignator=R151 NewDesignator=R149
Change Component Designator: OldDesignator=R152 NewDesignator=R150
Change Component Designator: OldDesignator=R153 NewDesignator=R151
Change Component Designator: OldDesignator=R154 NewDesignator=R152
Change Component Designator: OldDesignator=R155 NewDesignator=R14
Change Component Designator: OldDesignator=R156 NewDesignator=R15
Change Component Designator: OldDesignator=R157 NewDesignator=R19
Change component parameters: Designator = "C17" ("C17"); Footprint = "CAPC1608X90N"; UniqueID = "\XDGJGDTO" ("\XDGJGDTO")
Change component parameters (AddParameter): Name = "ComponentLink1Description"; Value = "http://www.avx.com/docs/Catalogs/cx7r.pdf"; VariantName = "[No Variations]"
Change component parameters (AddParameter): Name = "ComponentLink1URL"; Value = "http://www.avx.com/docs/Catalogs/cx7r.pdf"; VariantName = "[No Variations]"
Change component parameters (AddParameter): Name = "ComponentLink2Description"; Value = "http://product.tdk.com/capacitor/mlcc/en/documents/mlcc_commercial_general_en.pdf"; VariantName = "[No Variations]"
Change component parameters (AddParameter): Name = "ComponentLink2URL"; Value = "http://product.tdk.com/capacitor/mlcc/en/documents/mlcc_commercial_general_en.pdf"; VariantName = "[No Variations]"
Change component parameters (AddParameter): Name = "Manufacturer 1"; Value = "AVX Corporation"; VariantName = "[No Variations]"
Change component parameters (AddParameter): Name = "Manufacturer 2"; Value = "TDK Corporation"; VariantName = "[No Variations]"
Change component parameters (AddParameter): Name = "Manufacturer Part Number 1"; Value = "06035C104KAT2A"; VariantName = "[No Variations]"
Change component parameters (AddParameter): Name = "Manufacturer Part Number 2"; Value = "C1608X7R1H104K"; VariantName = "[No Variations]"
Change component parameters (AddParameter): Name = "Material"; Value = "ceramic"; VariantName = "[No Variations]"
Change component parameters (AddParameter): Name = "Package / Case"; Value = "0603 (1608 Metric)"; VariantName = "[No Variations]"
Change component parameters (AddParameter): Name = "Ratings"; Value = "50V; X7R"; VariantName = "[No Variations]"
Change component parameters (AddParameter): Name = "SCDType"; Value = "spec"; VariantName = "[No Variations]"
Change component parameters (AddParameter): Name = "Supplier 1"; Value = "Digi-Key"; VariantName = "[No Variations]"
Change component parameters (AddParameter): Name = "Supplier 2"; Value = "Digi-Key"; VariantName = "[No Variations]"
Change component parameters (AddParameter): Name = "Supplier Part Number 1"; Value = "478-5052-1-ND"; VariantName = "[No Variations]"
Change component parameters (AddParameter): Name = "Supplier Part Number 2"; Value = "445-1314-1-ND"; VariantName = "[No Variations]"
Change component parameters (AddParameter): Name = "Tolerance"; Value = "±10%"; VariantName = "[No Variations]"
Change component parameters (AddParameter): Name = "Value"; Value = "12pF"; VariantName = "[No Variations]"
Change component parameters: Designator = "C18" ("C18"); Footprint = "CAPC1608X90N"; UniqueID = "\OZTRYXJK" ("\OZTRYXJK")
Change component parameters (AddParameter): Name = "ComponentLink1Description"; Value = "http://www.avx.com/docs/Catalogs/cx7r.pdf"; VariantName = "[No Variations]"
Change component parameters (AddParameter): Name = "ComponentLink1URL"; Value = "http://www.avx.com/docs/Catalogs/cx7r.pdf"; VariantName = "[No Variations]"
Change component parameters (AddParameter): Name = "ComponentLink2Description"; Value = "http://product.tdk.com/capacitor/mlcc/en/documents/mlcc_commercial_general_en.pdf"; VariantName = "[No Variations]"
Change component parameters (AddParameter): Name = "ComponentLink2URL"; Value = "http://product.tdk.com/capacitor/mlcc/en/documents/mlcc_commercial_general_en.pdf"; VariantName = "[No Variations]"
Change component parameters (AddParameter): Name = "Manufacturer 1"; Value = "AVX Corporation"; VariantName = "[No Variations]"
Change component parameters (AddParameter): Name = "Manufacturer 2"; Value = "TDK Corporation"; VariantName = "[No Variations]"
Change component parameters (AddParameter): Name = "Manufacturer Part Number 1"; Value = "06035C104KAT2A"; VariantName = "[No Variations]"
Change component parameters (AddParameter): Name = "Manufacturer Part Number 2"; Value = "C1608X7R1H104K"; VariantName = "[No Variations]"
Change component parameters (AddParameter): Name = "Material"; Value = "ceramic"; VariantName = "[No Variations]"
Change component parameters (AddParameter): Name = "Package / Case"; Value = "0603 (1608 Metric)"; VariantName = "[No Variations]"
Change component parameters (AddParameter): Name = "Ratings"; Value = "50V; X7R"; VariantName = "[No Variations]"
Change component parameters (AddParameter): Name = "SCDType"; Value = "spec"; VariantName = "[No Variations]"
Change component parameters (AddParameter): Name = "Supplier 1"; Value = "Digi-Key"; VariantName = "[No Variations]"
Change component parameters (AddParameter): Name = "Supplier 2"; Value = "Digi-Key"; VariantName = "[No Variations]"
Change component parameters (AddParameter): Name = "Supplier Part Number 1"; Value = "478-5052-1-ND"; VariantName = "[No Variations]"
Change component parameters (AddParameter): Name = "Supplier Part Number 2"; Value = "445-1314-1-ND"; VariantName = "[No Variations]"
Change component parameters (AddParameter): Name = "Tolerance"; Value = "±10%"; VariantName = "[No Variations]"
Change component parameters (AddParameter): Name = "Value"; Value = "12pF"; VariantName = "[No Variations]"
Change component parameters: Designator = "C19" ("C19"); Footprint = "CAPC1608X90N"; UniqueID = "\BHDZCTBN" ("\BHDZCTBN")
Change component parameters (AddParameter): Name = "ComponentLink1Description"; Value = "http://www.avx.com/docs/Catalogs/cx7r.pdf"; VariantName = "[No Variations]"
Change component parameters (AddParameter): Name = "ComponentLink1URL"; Value = "http://www.avx.com/docs/Catalogs/cx7r.pdf"; VariantName = "[No Variations]"
Change component parameters (AddParameter): Name = "ComponentLink2Description"; Value = "http://product.tdk.com/capacitor/mlcc/en/documents/mlcc_commercial_general_en.pdf"; VariantName = "[No Variations]"
Change component parameters (AddParameter): Name = "ComponentLink2URL"; Value = "http://product.tdk.com/capacitor/mlcc/en/documents/mlcc_commercial_general_en.pdf"; VariantName = "[No Variations]"
Change component parameters (AddParameter): Name = "Manufacturer 1"; Value = "AVX Corporation"; VariantName = "[No Variations]"
Change component parameters (AddParameter): Name = "Manufacturer 2"; Value = "TDK Corporation"; VariantName = "[No Variations]"
Change component parameters (AddParameter): Name = "Manufacturer Part Number 1"; Value = "06035C104KAT2A"; VariantName = "[No Variations]"
Change component parameters (AddParameter): Name = "Manufacturer Part Number 2"; Value = "C1608X7R1H104K"; VariantName = "[No Variations]"
Change component parameters (AddParameter): Name = "Material"; Value = "ceramic"; VariantName = "[No Variations]"
Change component parameters (AddParameter): Name = "Package / Case"; Value = "0603 (1608 Metric)"; VariantName = "[No Variations]"
Change component parameters (AddParameter): Name = "Ratings"; Value = "50V; X7R"; VariantName = "[No Variations]"
Change component parameters (AddParameter): Name = "SCDType"; Value = "spec"; VariantName = "[No Variations]"
Change component parameters (AddParameter): Name = "Supplier 1"; Value = "Digi-Key"; VariantName = "[No Variations]"
Change component parameters (AddParameter): Name = "Supplier 2"; Value = "Digi-Key"; VariantName = "[No Variations]"
Change component parameters (AddParameter): Name = "Supplier Part Number 1"; Value = "478-5052-1-ND"; VariantName = "[No Variations]"
Change component parameters (AddParameter): Name = "Supplier Part Number 2"; Value = "445-1314-1-ND"; VariantName = "[No Variations]"
Change component parameters (AddParameter): Name = "Tolerance"; Value = "±10%"; VariantName = "[No Variations]"
Change component parameters (AddParameter): Name = "Value"; Value = "12PF"; VariantName = "[No Variations]"
Change component parameters: Designator = "C20" ("C20"); Footprint = "CAPC1608X90N"; UniqueID = "\DYHSOILC" ("\DYHSOILC")
Change component parameters (AddParameter): Name = "ComponentLink1Description"; Value = "http://www.avx.com/docs/Catalogs/cx7r.pdf"; VariantName = "[No Variations]"
Change component parameters (AddParameter): Name = "ComponentLink1URL"; Value = "http://www.avx.com/docs/Catalogs/cx7r.pdf"; VariantName = "[No Variations]"
Change component parameters (AddParameter): Name = "ComponentLink2Description"; Value = "http://product.tdk.com/capacitor/mlcc/en/documents/mlcc_commercial_general_en.pdf"; VariantName = "[No Variations]"
Change component parameters (AddParameter): Name = "ComponentLink2URL"; Value = "http://product.tdk.com/capacitor/mlcc/en/documents/mlcc_commercial_general_en.pdf"; VariantName = "[No Variations]"
Change component parameters (AddParameter): Name = "Manufacturer 1"; Value = "AVX Corporation"; VariantName = "[No Variations]"
Change component parameters (AddParameter): Name = "Manufacturer 2"; Value = "TDK Corporation"; VariantName = "[No Variations]"
Change component parameters (AddParameter): Name = "Manufacturer Part Number 1"; Value = "06035C104KAT2A"; VariantName = "[No Variations]"
Change component parameters (AddParameter): Name = "Manufacturer Part Number 2"; Value = "C1608X7R1H104K"; VariantName = "[No Variations]"
Change component parameters (AddParameter): Name = "Material"; Value = "ceramic"; VariantName = "[No Variations]"
Change component parameters (AddParameter): Name = "Package / Case"; Value = "0603 (1608 Metric)"; VariantName = "[No Variations]"
Change component parameters (AddParameter): Name = "Ratings"; Value = "50V; X7R"; VariantName = "[No Variations]"
Change component parameters (AddParameter): Name = "SCDType"; Value = "spec"; VariantName = "[No Variations]"
Change component parameters (AddParameter): Name = "Supplier 1"; Value = "Digi-Key"; VariantName = "[No Variations]"
Change component parameters (AddParameter): Name = "Supplier 2"; Value = "Digi-Key"; VariantName = "[No Variations]"
Change component parameters (AddParameter): Name = "Supplier Part Number 1"; Value = "478-5052-1-ND"; VariantName = "[No Variations]"
Change component parameters (AddParameter): Name = "Supplier Part Number 2"; Value = "445-1314-1-ND"; VariantName = "[No Variations]"
Change component parameters (AddParameter): Name = "Tolerance"; Value = "±10%"; VariantName = "[No Variations]"
Change component parameters (AddParameter): Name = "Value"; Value = "12PF"; VariantName = "[No Variations]"
Change component parameters: Designator = "R69" ("R69"); Footprint = "RESC1608X55N"; UniqueID = "\OEWXJODV" ("\OEWXJODV")
Change component parameters (AddParameter): Name = "ComponentLink1Description"; Value = "Website Smart World"; VariantName = "[No Variations]"
Change component parameters (AddParameter): Name = "ComponentLink1URL"; Value = "https://www.smartw.ir/"; VariantName = "[No Variations]"
Change component parameters (AddParameter): Name = "ComponentLink2Description"; Value = "Telegram"; VariantName = "[No Variations]"
Change component parameters (AddParameter): Name = "ComponentLink2URL"; Value = "https://t.me/altium_smartw"; VariantName = "[No Variations]"
Change component parameters (AddParameter): Name = "ComponentLink3Description"; Value = "Instagram"; VariantName = "[No Variations]"
Change component parameters (AddParameter): Name = "ComponentLink3URL"; Value = "https://Instagram.com/smartgw.ir"; VariantName = "[No Variations]"
Change component parameters (AddParameter): Name = "DatasheetVersion"; Value = "2021"; VariantName = "[No Variations]"
Change component parameters (AddParameter): Name = "Value"; Value = "4K7"; VariantName = "[No Variations]"
Change component parameters: Designator = "R70" ("R70"); Footprint = "RESC1608X55N"; UniqueID = "\HEUVANTV" ("\HEUVANTV")
Change component parameters (AddParameter): Name = "ComponentLink1Description"; Value = "Website Smart World"; VariantName = "[No Variations]"
Change component parameters (AddParameter): Name = "ComponentLink1URL"; Value = "https://www.smartw.ir/"; VariantName = "[No Variations]"
Change component parameters (AddParameter): Name = "ComponentLink2Description"; Value = "Telegram"; VariantName = "[No Variations]"
Change component parameters (AddParameter): Name = "ComponentLink2URL"; Value = "https://t.me/altium_smartw"; VariantName = "[No Variations]"
Change component parameters (AddParameter): Name = "ComponentLink3Description"; Value = "Instagram"; VariantName = "[No Variations]"
Change component parameters (AddParameter): Name = "ComponentLink3URL"; Value = "https://Instagram.com/smartgw.ir"; VariantName = "[No Variations]"
Change component parameters (AddParameter): Name = "DatasheetVersion"; Value = "2021"; VariantName = "[No Variations]"
Change component parameters (AddParameter): Name = "Value"; Value = "4K7"; VariantName = "[No Variations]"
Added Pin To Net: NetName=GND Pin=R69-7
Added Pin To Net: NetName=GND Pin=R69-8
Added Pin To Net: NetName=GND Pin=R70-5
Added Pin To Net: NetName=GND Pin=R70-6
Added Pin To Net: NetName=GND Pin=R70-7
Added Pin To Net: NetName=GND Pin=R70-8
Added Pin To Net: NetName=NetR69_1 Pin=U5-38
Added Pin To Net: NetName=NetR70_1 Pin=U5-42
Change Net Name : Old Net Name=NetR63_1 New Net Name=NetR65_1
Change Net Name : Old Net Name=NetR64_1 New Net Name=NetR66_1
Change Net Name : Old Net Name=NetR65_1 New Net Name=NetR67_1
Change Net Name : Old Net Name=NetR66_2 New Net Name=NetR68_2
Change Net Name : Old Net Name=NetR104_2 New Net Name=NetR102_2
Change Net Name : Old Net Name=NetR145_1 New Net Name=NetR143_1
Change Net Name : Old Net Name=NetR146_1 New Net Name=NetR144_1
Added Pin To Net: NetName=NetR69_2 Pin=R69-2
Added Pin To Net: NetName=NetR69_2 Pin=U5-23
Added Net: Name=NetR69_2
Added Pin To Net: NetName=NetR70_2 Pin=R70-2
Added Pin To Net: NetName=NetR70_2 Pin=U5-41
Added Net: Name=NetR70_2
Added Pin To Net: NetName=NetR70_3 Pin=R70-3
Added Pin To Net: NetName=NetR70_3 Pin=U5-40
Added Net: Name=NetR70_3
Added Pin To Net: NetName=NetR70_4 Pin=R70-4
Added Pin To Net: NetName=NetR70_4 Pin=U5-39
Added Net: Name=NetR70_4
Added Member To Class: ClassName=MCU1 Member=Component R17 Thick Film
Added Member To Class: ClassName=MCU1 Member=Component R20 Thick Film
Added Room: Name=MC60
Added Room: Name=MCU1
Added Room: Name=MCU2
Added Room: Name=MCU3
Added Room: Name=MCU4
Added Room: Name=Power
Added Room: Name=W5500
Added Room: Name=Wifi
