Added Component: Designator=P3(HDR2X18)
Add component (AddParameter): Name = "LatestRevisionDate"; Value = "17-Jul-2002"; VariantName = "[No Variations]"
Add component (AddParameter): Name = "LatestRevisionNote"; Value = "Re-released for DXP Platform."; VariantName = "[No Variations]"
Add component (AddParameter): Name = "Publisher"; Value = "Altium Limited"; VariantName = "[No Variations]"
Added Pin To Net: NetName=B8 Pin=P3-1
Added Pin To Net: NetName=E0 Pin=P3-2
Added Pin To Net: NetName=B9 Pin=P3-3
Added Pin To Net: NetName=E1 Pin=P3-4
Added Pin To Net: NetName=C3 Pin=P3-5
Added Pin To Net: NetName=E2 Pin=P3-6
Added Pin To Net: NetName=C13 Pin=P3-7
Added Pin To Net: NetName=E3 Pin=P3-8
Added Pin To Net: NetName=D0 Pin=P3-9
Added Pin To Net: NetName=E4 Pin=P3-10
Added Pin To Net: NetName=D1 Pin=P3-11
Added Pin To Net: NetName=E5 Pin=P3-12
Added Pin To Net: NetName=D5 Pin=P3-13
Added Pin To Net: NetName=E6 Pin=P3-14
Added Pin To Net: NetName=D6 Pin=P3-15
Added Pin To Net: NetName=E11 Pin=P3-16
Added Pin To Net: NetName=D10 Pin=P3-17
Added Pin To Net: NetName=E12 Pin=P3-18
Added Pin To Net: NetName=D11 Pin=P3-19
Added Pin To Net: NetName=E13 Pin=P3-20
Added Pin To Net: NetName=D12 Pin=P3-21
Added Pin To Net: NetName=E14 Pin=P3-22
Added Pin To Net: NetName=3V3 Pin=P3-23
Added Pin To Net: NetName=E15 Pin=P3-24
Added Pin To Net: NetName=GND Pin=P3-25
Added Pin To Net: NetName=GND Pin=P3-26
Added Member To Class: ClassName=MCU3 Member=Component P3 MHDR2X13
Added Room: Name=MC60
Added Room: Name=MCU1
Added Room: Name=MCU2
Added Room: Name=MCU3
Added Room: Name=MCU4
Added Room: Name=Power
Added Room: Name=W5500
Added Room: Name=Wifi
