Removed Member From Class: ClassName=MCU3 Member=C45
Removed Member From Class: ClassName=MC60 Member=C53
Change Component Footprint: Designator=C38 Old Footprint=C_EL_4_5 New Footprint=CAPC1608X90N
Change Component Comment : Designator=C38 Old Comment=#NAME? New Comment=approved sub OK
Change component parameters: Designator = "C38" ("C38"); Footprint = "C_EL_4_5"; UniqueID = "\PXQSIICK" ("\PXQSIICK")
Change component parameters (AddParameter): Name = "ComponentLink1Description"; Value = "http://www.avx.com/docs/Catalogs/cx7r.pdf"; VariantName = "[No Variations]"
Change component parameters (AddParameter): Name = "ComponentLink1URL"; Value = "http://www.avx.com/docs/Catalogs/cx7r.pdf"; VariantName = "[No Variations]"
Change component parameters (AddParameter): Name = "ComponentLink2Description"; Value = "http://product.tdk.com/capacitor/mlcc/en/documents/mlcc_commercial_general_en.pdf"; VariantName = "[No Variations]"
Change component parameters (AddParameter): Name = "ComponentLink2URL"; Value = "http://product.tdk.com/capacitor/mlcc/en/documents/mlcc_commercial_general_en.pdf"; VariantName = "[No Variations]"
Change component parameters (AddParameter): Name = "Manufacturer 1"; Value = "AVX Corporation"; VariantName = "[No Variations]"
Change component parameters (AddParameter): Name = "Manufacturer 2"; Value = "TDK Corporation"; VariantName = "[No Variations]"
Change component parameters (AddParameter): Name = "Manufacturer Part Number 1"; Value = "06035C104KAT2A"; VariantName = "[No Variations]"
Change component parameters (AddParameter): Name = "Manufacturer Part Number 2"; Value = "C1608X7R1H104K"; VariantName = "[No Variations]"
Change component parameters (AddParameter): Name = "Material"; Value = "ceramic"; VariantName = "[No Variations]"
Change component parameters (AddParameter): Name = "Package / Case"; Value = "0603 (1608 Metric)"; VariantName = "[No Variations]"
Change component parameters (AddParameter): Name = "Ratings"; Value = "50V; X7R"; VariantName = "[No Variations]"
Change component parameters (AddParameter): Name = "SCDType"; Value = "spec"; VariantName = "[No Variations]"
Change component parameters (AddParameter): Name = "Supplier 1"; Value = "Digi-Key"; VariantName = "[No Variations]"
Change component parameters (AddParameter): Name = "Supplier 2"; Value = "Digi-Key"; VariantName = "[No Variations]"
Change component parameters (AddParameter): Name = "Supplier Part Number 1"; Value = "478-5052-1-ND"; VariantName = "[No Variations]"
Change component parameters (AddParameter): Name = "Supplier Part Number 2"; Value = "445-1314-1-ND"; VariantName = "[No Variations]"
Change component parameters (AddParameter): Name = "Tolerance"; Value = "±10%"; VariantName = "[No Variations]"
Change component parameters (AddParameter): Name = "Value"; Value = "10uf"; VariantName = "[No Variations]"
Added Member To Class: ClassName=W5500 Member=Component C38 approved sub OK
Added Member To Class: ClassName=W5500 Member=Component C40 approved sub OK
Added Member To Class: ClassName=W5500 Member=Component C42 approved sub OK
Added Member To Class: ClassName=W5500 Member=Component C44 approved sub OK
Added Member To Class: ClassName=MCU3 Member=Component C46 approved sub OK
Added Member To Class: ClassName=MCU3 Member=Component C48 approved sub OK
Added Member To Class: ClassName=MCU3 Member=Component C50 approved sub OK
Added Member To Class: ClassName=MCU3 Member=Component C52 approved sub OK
Added Member To Class: ClassName=MC60 Member=Component C54 #NAME?
Added Member To Class: ClassName=MC60 Member=Component C56 approved sub OK
Added Member To Class: ClassName=MC60 Member=Component C58 approved sub OK
Added Member To Class: ClassName=MC60 Member=Component C60 approved sub OK
Added Member To Class: ClassName=MC60 Member=Component C62 approved sub OK
Added Member To Class: ClassName=MC60 Member=Component C64 Capacitor C SMD 0603
Added Member To Class: ClassName=MC60 Member=Component C66 approved sub OK
Added Member To Class: ClassName=MC60 Member=Component C68 Capacitor C SMD 0603
Added Member To Class: ClassName=MC60 Member=Component C70 Capacitor C SMD 0603
Added Member To Class: ClassName=MC60 Member=Component C72 Capacitor C SMD 0603
Added Member To Class: ClassName=MC60 Member=Component C74 Capacitor C SMD 0603
Added Member To Class: ClassName=MC60 Member=Component C76 approved sub OK
Added Member To Class: ClassName=MC60 Member=Component C78 Capacitor C SMD 0603
Added Member To Class: ClassName=Power Member=Component C80 1uf
Added Member To Class: ClassName=Power Member=Component C82 100n
Added Member To Class: ClassName=Power Member=Component C84 100n
Added Member To Class: ClassName=Power Member=Component C86 22uf
Added Member To Class: ClassName=Power Member=Component C88 4.7uf
Added Member To Class: ClassName=Power Member=Component C90 approved sub OK
Added Member To Class: ClassName=Power Member=Component C92 22uf
Added Member To Class: ClassName=Power Member=Component C94 approved sub OK
Added Member To Class: ClassName=Power Member=Component C96 approved sub OK
Added Member To Class: ClassName=Power Member=Component C98 approved sub OK
Added Member To Class: ClassName=Power Member=Component C99 approved sub OK
Added Member To Class: ClassName=Power Member=Component C101 approved sub OK
Added Room: Name=MC60
Added Room: Name=MCU1
Added Room: Name=MCU2
Added Room: Name=MCU3
Added Room: Name=MCU4
Added Room: Name=Power
Added Room: Name=W5500
Added Room: Name=Wifi
