Removed Pin From Net: NetName=12V0 Pin=D8-2
Removed Pin From Net: NetName=12V0 Pin=D9-2
Removed Pin From Net: NetName=12V0 Pin=D12-2
Removed Pin From Net: NetName=12V0 Pin=D13-2
Removed Pin From Net: NetName=12V0 Pin=K1-4
Removed Pin From Net: NetName=12V0 Pin=K2-4
Removed Pin From Net: NetName=12V0 Pin=K3-4
Removed Pin From Net: NetName=12V0 Pin=K4-4
Removed Pin From Net: NetName=3V3 Pin=Q5-3
Removed Pin From Net: NetName=3V3 Pin=Q6-3
Removed Pin From Net: NetName=3V3 Pin=Q7-4
Removed Pin From Net: NetName=3V3 Pin=Q8-4
Removed Pin From Net: NetName=3V3 Pin=Q11-3
Removed Pin From Net: NetName=3V3 Pin=Q12-3
Removed Pin From Net: NetName=3V3 Pin=Q13-4
Removed Pin From Net: NetName=3V3 Pin=Q14-4
Removed Pin From Net: NetName=Relay_3 Pin=R21-1
Removed Pin From Net: NetName=Relay_1 Pin=R22-1
Removed Pin From Net: NetName=GND Pin=R25-1
Removed Pin From Net: NetName=GND Pin=R26-1
Removed Pin From Net: NetName=GND Pin=R27-1
Removed Pin From Net: NetName=GND Pin=R29-1
Removed Pin From Net: NetName=GND Pin=R31-1
Removed Pin From Net: NetName=GND Pin=R32-1
Removed Pin From Net: NetName=12V0 Pin=R35-2
Removed Pin From Net: NetName=12V0 Pin=R36-2
Removed Pin From Net: NetName=GND Pin=R37-2
Removed Pin From Net: NetName=GND Pin=R38-2
Removed Pin From Net: NetName=Relay_2 Pin=R41-1
Removed Pin From Net: NetName=Relay_4 Pin=R42-1
Removed Pin From Net: NetName=GND Pin=R45-1
Removed Pin From Net: NetName=GND Pin=R46-1
Removed Pin From Net: NetName=GND Pin=R47-1
Removed Pin From Net: NetName=GND Pin=R49-1
Removed Pin From Net: NetName=GND Pin=R51-1
Removed Pin From Net: NetName=GND Pin=R52-1
Removed Pin From Net: NetName=12V0 Pin=R55-2
Removed Pin From Net: NetName=12V0 Pin=R56-2
Removed Pin From Net: NetName=GND Pin=R57-2
Removed Pin From Net: NetName=GND Pin=R58-2
Added Room: Name=MC60
Added Room: Name=MCU1
Added Room: Name=MCU3
Added Room: Name=MCU4
Added Room: Name=Power
Added Room: Name=W5500
Added Room: Name=Wifi
