Removed Pin From Net: NetName=NetK1_2 Pin=X2-1
Removed Pin From Net: NetName=NetK1_3 Pin=X2-3
Removed Pin From Net: NetName=NetK3_2 Pin=X3-1
Removed Pin From Net: NetName=NetK3_3 Pin=X3-3
Removed Pin From Net: NetName=NetK4_2 Pin=X4-1
Removed Pin From Net: NetName=Com Pin=X4-2
Removed Pin From Net: NetName=NetK4_3 Pin=X4-3
Removed Member From Class: ClassName=MCU2 Member=X4
Added Component: Designator=X3(CON_MSTBA03)
Add component (AddParameter): Name = "ComponentLink1Description"; Value = "Website Smart World"; VariantName = "[No Variations]"
Add component (AddParameter): Name = "ComponentLink1URL"; Value = "https://www.smartw.ir/"; VariantName = "[No Variations]"
Add component (AddParameter): Name = "ComponentLink2Description"; Value = "Telegram"; VariantName = "[No Variations]"
Add component (AddParameter): Name = "ComponentLink2URL"; Value = "https://t.me/altium_smartw"; VariantName = "[No Variations]"
Add component (AddParameter): Name = "ComponentLink3Description"; Value = "Instagram"; VariantName = "[No Variations]"
Add component (AddParameter): Name = "ComponentLink3URL"; Value = "https://Instagram.com/smartgw.ir"; VariantName = "[No Variations]"
Add component (AddParameter): Name = "DatasheetVersion"; Value = "2021"; VariantName = "[No Variations]"
Added Pin To Net: NetName=NetK3_3 Pin=X2-1
Added Pin To Net: NetName=NetK3_2 Pin=X2-3
Added Pin To Net: NetName=NetK1_3 Pin=X3-1
Added Pin To Net: NetName=NetK4_3 Pin=X3-1
Added Pin To Net: NetName=Com Pin=X3-2
Added Pin To Net: NetName=NetK1_2 Pin=X3-3
Added Pin To Net: NetName=NetK4_2 Pin=X3-3
Added Member To Class: ClassName=MCU2 Member=Component X2 Phoenix MKDSN 03
Added Member To Class: ClassName=MCU2 Member=Component X3 Phoenix MKDSN 03
Added Room: Name=MCU2
