Added Component: Designator=P?(MHDR2X13)
Add component (AddParameter): Name = "LatestRevisionDate"; Value = "17-Jul-2002"; VariantName = "[No Variations]"
Add component (AddParameter): Name = "LatestRevisionNote"; Value = "Re-released for DXP Platform."; VariantName = "[No Variations]"
Add component (AddParameter): Name = "Publisher"; Value = "Altium Limited"; VariantName = "[No Variations]"
Added Pin To Net: NetName=B8 Pin=P?-1
Added Pin To Net: NetName=E0 Pin=P?-2
Added Pin To Net: NetName=B9 Pin=P?-3
Added Pin To Net: NetName=E1 Pin=P?-4
Added Pin To Net: NetName=C3 Pin=P?-5
Added Pin To Net: NetName=E2 Pin=P?-6
Added Pin To Net: NetName=C13 Pin=P?-7
Added Pin To Net: NetName=E3 Pin=P?-8
Added Pin To Net: NetName=D0 Pin=P?-9
Added Pin To Net: NetName=E4 Pin=P?-10
Added Pin To Net: NetName=D1 Pin=P?-11
Added Pin To Net: NetName=E5 Pin=P?-12
Added Pin To Net: NetName=D5 Pin=P?-13
Added Pin To Net: NetName=E6 Pin=P?-14
Added Pin To Net: NetName=D6 Pin=P?-15
Added Pin To Net: NetName=E11 Pin=P?-16
Added Pin To Net: NetName=D10 Pin=P?-17
Added Pin To Net: NetName=E12 Pin=P?-18
Added Pin To Net: NetName=D11 Pin=P?-19
Added Pin To Net: NetName=E13 Pin=P?-20
Added Pin To Net: NetName=D12 Pin=P?-21
Added Pin To Net: NetName=E14 Pin=P?-22
Added Pin To Net: NetName=3V3 Pin=P?-23
Added Pin To Net: NetName=E15 Pin=P?-24
Added Pin To Net: NetName=GND Pin=P?-25
Added Pin To Net: NetName=GND Pin=P?-26
Added Member To Class: ClassName=MCU3 Member=Component P? MHDR2X13
Added Member To Class: ClassName=Wifi Member=Component U4 =VALUE
Added Room: Name=MC60
Added Room: Name=MCU1
Added Room: Name=MCU2
Added Room: Name=MCU3
Added Room: Name=MCU4
Added Room: Name=Power
Added Room: Name=W5500
Added Room: Name=Wifi
