Removed Pin From Net: NetName=GND Pin=Designator8-1
Removed Pin From Net: NetName=GND Pin=Designator9-1
Removed Pin From Net: NetName=GND Pin=Designator10-1
Removed Pin From Net: NetName=GND Pin=Designator11-1
Removed Member From Class: ClassName=MCU4 Member=C100
Removed Member From Class: ClassName=MC60 Member=R114
Change Component Footprint: Designator=PUSB1 Old Footprint=USB_MICRO_B_MOLEX New Footprint=USB_MICRO_B_BM_SHS
Change Component Designator: OldDesignator=1 NewDesignator=C98
Change Component Designator: OldDesignator=C98 NewDesignator=C99
Change Component Designator: OldDesignator=C99 NewDesignator=C100
Change Component Designator: OldDesignator=C100 NewDesignator=C101
Change Component Designator: OldDesignator=C101 NewDesignator=C102
Added Pin To Net: NetName=GND Pin=PUSB1-SH7
Added Pin To Net: NetName=GND Pin=PUSB1-SH8
Change Net Name : Old Net Name=Net1_1 New Net Name=NetC96_1
Added Member To Class: ClassName=Power Member=Component C101 approved sub OK
Added Member To Class: ClassName=MCU4 Member=Component C102 approved sub OK
Added Member To Class: ClassName=MCU3 Member=Component J11 Jumper
Added Member To Class: ClassName=MC60 Member=Component J12 U.FL
Added Member To Class: ClassName=MC60 Member=Component J14 SOCKET_SIM
Added Member To Class: ClassName=MC60 Member=Component J16 U.FL
Added Member To Class: ClassName=MCU3 Member=Component R87 Thick Film
Added Member To Class: ClassName=MCU3 Member=Component R88 Thick Film
Added Member To Class: ClassName=MCU3 Member=Component R89 Thick Film
Added Member To Class: ClassName=MCU3 Member=Component R98 Thick Film
Added Member To Class: ClassName=MCU3 Member=Component R100 Thick Film
Added Member To Class: ClassName=MCU3 Member=Component R102 Thick Film
Added Member To Class: ClassName=MCU3 Member=Component R104 Thick Film
Added Member To Class: ClassName=MCU3 Member=Component R106 Thick Film
Added Member To Class: ClassName=MCU3 Member=Component R108 Thick Film
Added Member To Class: ClassName=MCU3 Member=Component R111 Thick Film
Added Member To Class: ClassName=MCU3 Member=Component R113 Thick Film
Added Member To Class: ClassName=MCU3 Member=Component R114 Thick Film
Added Member To Class: ClassName=MC60 Member=Component R115 Thick Film
Added Member To Class: ClassName=MC60 Member=Component R117 Thick Film
Added Member To Class: ClassName=MC60 Member=Component R119 Thick Film
Added Member To Class: ClassName=MC60 Member=Component R121 Thick Film
Added Member To Class: ClassName=MC60 Member=Component R123 Thick Film
Added Member To Class: ClassName=MC60 Member=Component R125 Thick Film
Added Member To Class: ClassName=MC60 Member=Component R127 Thick Film
Added Member To Class: ClassName=MC60 Member=Component R129 Thick Film
Added Member To Class: ClassName=MC60 Member=Component R131 Thick Film
Added Member To Class: ClassName=MC60 Member=Component R133 Thick Film
Added Member To Class: ClassName=MC60 Member=Component R135 Thick Film
Added Member To Class: ClassName=MC60 Member=Component R137 Thick Film
Added Member To Class: ClassName=MC60 Member=Component R139 Thick Film
Added Member To Class: ClassName=MC60 Member=Component R141 Thick Film
Added Member To Class: ClassName=MC60 Member=Component R143 Thick Film
Added Member To Class: ClassName=Power Member=Component R145 Thick Film
Added Member To Class: ClassName=Power Member=Component R147 Thick Film
Added Member To Class: ClassName=Power Member=Component R149 Thick Film
Added Member To Class: ClassName=Power Member=Component R151 Thick Film
Added Member To Class: ClassName=MCU4 Member=Component R153 Thick Film
Added Member To Class: ClassName=MCU2 Member=Component X3 Phoenix MKDSN 03
Added Room: Name=MC60
Added Room: Name=MCU1
Added Room: Name=MCU2
Added Room: Name=MCU3
Added Room: Name=MCU4
Added Room: Name=Power
Added Room: Name=W5500
Added Room: Name=Wifi
