Removed Pin From Net: NetName=Com Pin=C21-2
Removed Pin From Net: NetName=Com Pin=C22-2
Removed Pin From Net: NetName=Com Pin=C24-2
Removed Pin From Net: NetName=Com Pin=K1-1
Removed Pin From Net: NetName=Com Pin=K2-1
Removed Pin From Net: NetName=Com Pin=K4-1
Removed Pin From Net: NetName=Com Pin=X1-2
Removed Pin From Net: NetName=Com Pin=X2-2
Removed Pin From Net: NetName=Com Pin=X4-2
Change Net Name : Old Net Name=Com New Net Name=Com2
Added Pin To Net: NetName=Com1 Pin=C22-2
Added Pin To Net: NetName=Com1 Pin=K2-1
Added Pin To Net: NetName=Com1 Pin=X1-2
Added Net: Name=Com1
Added Pin To Net: NetName=Com3 Pin=C21-2
Added Pin To Net: NetName=Com3 Pin=K1-1
Added Pin To Net: NetName=Com3 Pin=X2-2
Added Net: Name=Com3
Added Pin To Net: NetName=Com4 Pin=C24-2
Added Pin To Net: NetName=Com4 Pin=K4-1
Added Pin To Net: NetName=Com4 Pin=X4-2
Added Net: Name=Com4
Added Room: Name=MC60
Added Room: Name=MCU1
Added Room: Name=MCU2
Added Room: Name=MCU3
Added Room: Name=MCU4
Added Room: Name=Power
Added Room: Name=W5500
Added Room: Name=Wifi
