Change Component Designator: OldDesignator=K1 NewDesignator=K2
Change Component Designator: OldDesignator=K2 NewDesignator=K3
Change Component Designator: OldDesignator=K3 NewDesignator=K1
Change Component Designator: OldDesignator=R87 NewDesignator=R85
Change Component Designator: OldDesignator=R90 NewDesignator=R86
Change Component Designator: OldDesignator=R91 NewDesignator=R87
Change Component Designator: OldDesignator=R93 NewDesignator=R89
Change Component Designator: OldDesignator=R94 NewDesignator=R90
Change Component Designator: OldDesignator=R96 NewDesignator=R91
Change Component Designator: OldDesignator=R97 NewDesignator=R92
Change Component Designator: OldDesignator=R98 NewDesignator=R93
Change Component Designator: OldDesignator=R99 NewDesignator=R94
Change Component Designator: OldDesignator=R100 NewDesignator=R95
Change Component Designator: OldDesignator=R101 NewDesignator=R96
Change Component Designator: OldDesignator=R102 NewDesignator=R97
Change Component Designator: OldDesignator=R103 NewDesignator=R98
Change Component Designator: OldDesignator=R104 NewDesignator=R99
Change Component Designator: OldDesignator=R105 NewDesignator=R100
Change Component Designator: OldDesignator=R106 NewDesignator=R101
Change Component Designator: OldDesignator=R107 NewDesignator=R102
Change Component Designator: OldDesignator=R108 NewDesignator=R103
Change Component Designator: OldDesignator=R109 NewDesignator=R104
Change Component Designator: OldDesignator=R110 NewDesignator=R105
Change Component Designator: OldDesignator=R111 NewDesignator=R106
Change Component Designator: OldDesignator=R112 NewDesignator=R107
Change Component Designator: OldDesignator=R113 NewDesignator=R108
Change Component Designator: OldDesignator=R114 NewDesignator=R109
Change Component Designator: OldDesignator=R115 NewDesignator=R110
Change Component Designator: OldDesignator=R116 NewDesignator=R111
Change Component Designator: OldDesignator=R117 NewDesignator=R112
Change Component Designator: OldDesignator=R118 NewDesignator=R113
Change Component Designator: OldDesignator=R119 NewDesignator=R114
Change Component Designator: OldDesignator=R120 NewDesignator=R115
Change Component Designator: OldDesignator=R121 NewDesignator=R116
Change Component Designator: OldDesignator=R122 NewDesignator=R117
Change Component Designator: OldDesignator=R123 NewDesignator=R118
Change Component Designator: OldDesignator=R124 NewDesignator=R119
Change Component Designator: OldDesignator=R125 NewDesignator=R120
Change Component Designator: OldDesignator=R126 NewDesignator=R121
Change Component Designator: OldDesignator=R127 NewDesignator=R122
Change Component Designator: OldDesignator=R128 NewDesignator=R123
Change Component Designator: OldDesignator=R129 NewDesignator=R124
Change Component Designator: OldDesignator=R130 NewDesignator=R125
Change Component Designator: OldDesignator=R131 NewDesignator=R126
Change Component Designator: OldDesignator=R132 NewDesignator=R127
Change Component Designator: OldDesignator=R133 NewDesignator=R128
Change Component Designator: OldDesignator=R134 NewDesignator=R129
Change Component Designator: OldDesignator=R135 NewDesignator=R130
Change Component Designator: OldDesignator=R136 NewDesignator=R131
Change Component Designator: OldDesignator=R137 NewDesignator=R132
Change Component Designator: OldDesignator=R138 NewDesignator=R133
Change Component Designator: OldDesignator=R139 NewDesignator=R134
Change Component Designator: OldDesignator=R140 NewDesignator=R135
Change Component Designator: OldDesignator=R141 NewDesignator=R136
Change Component Designator: OldDesignator=R142 NewDesignator=R137
Change Component Designator: OldDesignator=R143 NewDesignator=R138
Change Component Designator: OldDesignator=R144 NewDesignator=R139
Change Component Designator: OldDesignator=R145 NewDesignator=R140
Change Component Designator: OldDesignator=R146 NewDesignator=R141
Change Component Designator: OldDesignator=R147 NewDesignator=R142
Change Component Designator: OldDesignator=R148 NewDesignator=R143
Change Component Designator: OldDesignator=R149 NewDesignator=R144
Change Component Designator: OldDesignator=R150 NewDesignator=R145
Change Component Designator: OldDesignator=R151 NewDesignator=R146
Change Component Designator: OldDesignator=R152 NewDesignator=R147
Change Component Designator: OldDesignator=R? NewDesignator=R84
Change Component Designator: OldDesignator=R? NewDesignator=R88
Change Net Name : Old Net Name=NetK1_2 New Net Name=NetK2_2
Change Net Name : Old Net Name=NetK1_3 New Net Name=NetK2_3
Change Net Name : Old Net Name=NetK2_2 New Net Name=NetK3_2
Change Net Name : Old Net Name=NetK2_3 New Net Name=NetK3_3
Change Net Name : Old Net Name=NetK3_2 New Net Name=NetK1_2
Change Net Name : Old Net Name=NetK3_3 New Net Name=NetK1_3
Change Net Name : Old Net Name=NetR102_2 New Net Name=NetR97_2
Change Net Name : Old Net Name=NetR143_1 New Net Name=NetR138_1
Change Net Name : Old Net Name=NetR144_1 New Net Name=NetR139_1
Added Member To Class: ClassName=MCU3 Member=Component R88 Resistor Array SMD
