Removed Pin From Net: NetName=3V3 Pin=C38-1
Removed Pin From Net: NetName=GND Pin=C38-2
Removed Member From Class: ClassName=W5500 Member=C48
Removed Member From Class: ClassName=MC60 Member=C80
Removed Member From Class: ClassName=Power Member=C103
Change Component Designator: OldDesignator=C39 NewDesignator=C38
Change Component Designator: OldDesignator=C40 NewDesignator=C39
Change Component Designator: OldDesignator=C41 NewDesignator=C40
Change Component Designator: OldDesignator=C42 NewDesignator=C41
Change Component Designator: OldDesignator=C43 NewDesignator=C42
Change Component Designator: OldDesignator=C44 NewDesignator=C43
Change Component Designator: OldDesignator=C45 NewDesignator=C44
Change Component Designator: OldDesignator=C46 NewDesignator=C45
Change Component Designator: OldDesignator=C47 NewDesignator=C46
Change Component Designator: OldDesignator=C48 NewDesignator=C47
Change Component Designator: OldDesignator=C49 NewDesignator=C48
Change Component Designator: OldDesignator=C50 NewDesignator=C49
Change Component Designator: OldDesignator=C51 NewDesignator=C50
Change Component Designator: OldDesignator=C52 NewDesignator=C51
Change Component Designator: OldDesignator=C53 NewDesignator=C52
Change Component Designator: OldDesignator=C54 NewDesignator=C53
Change Component Designator: OldDesignator=C55 NewDesignator=C54
Change Component Designator: OldDesignator=C56 NewDesignator=C55
Change Component Designator: OldDesignator=C57 NewDesignator=C56
Change Component Designator: OldDesignator=C58 NewDesignator=C57
Change Component Designator: OldDesignator=C59 NewDesignator=C58
Change Component Designator: OldDesignator=C60 NewDesignator=C59
Change Component Designator: OldDesignator=C61 NewDesignator=C60
Change Component Designator: OldDesignator=C62 NewDesignator=C61
Change Component Designator: OldDesignator=C63 NewDesignator=C62
Change Component Designator: OldDesignator=C64 NewDesignator=C63
Change Component Designator: OldDesignator=C65 NewDesignator=C64
Change Component Designator: OldDesignator=C66 NewDesignator=C65
Change Component Designator: OldDesignator=C67 NewDesignator=C66
Change Component Designator: OldDesignator=C68 NewDesignator=C67
Change Component Designator: OldDesignator=C69 NewDesignator=C68
Change Component Designator: OldDesignator=C70 NewDesignator=C69
Change Component Designator: OldDesignator=C71 NewDesignator=C70
Change Component Designator: OldDesignator=C72 NewDesignator=C71
Change Component Designator: OldDesignator=C73 NewDesignator=C72
Change Component Designator: OldDesignator=C74 NewDesignator=C73
Change Component Designator: OldDesignator=C75 NewDesignator=C74
Change Component Designator: OldDesignator=C76 NewDesignator=C75
Change Component Designator: OldDesignator=C77 NewDesignator=C76
Change Component Designator: OldDesignator=C78 NewDesignator=C77
Change Component Designator: OldDesignator=C79 NewDesignator=C78
Change Component Designator: OldDesignator=C80 NewDesignator=C79
Change Component Designator: OldDesignator=C81 NewDesignator=C80
Change Component Designator: OldDesignator=C82 NewDesignator=C81
Change Component Designator: OldDesignator=C83 NewDesignator=C82
Change Component Designator: OldDesignator=C84 NewDesignator=C83
Change Component Designator: OldDesignator=C85 NewDesignator=C84
Change Component Designator: OldDesignator=C86 NewDesignator=C85
Change Component Designator: OldDesignator=C87 NewDesignator=C86
Change Component Designator: OldDesignator=C88 NewDesignator=C87
Change Component Designator: OldDesignator=C89 NewDesignator=C88
Change Component Designator: OldDesignator=C90 NewDesignator=C89
Change Component Designator: OldDesignator=C91 NewDesignator=C90
Change Component Designator: OldDesignator=C92 NewDesignator=C91
Change Component Designator: OldDesignator=C93 NewDesignator=C92
Change Component Designator: OldDesignator=C94 NewDesignator=C93
Change Component Designator: OldDesignator=C95 NewDesignator=C94
Change Component Designator: OldDesignator=C96 NewDesignator=C95
Change Component Designator: OldDesignator=C97 NewDesignator=C96
Change Component Designator: OldDesignator=C98 NewDesignator=C97
Change Component Designator: OldDesignator=C99 NewDesignator=C98
Change Component Designator: OldDesignator=C100 NewDesignator=C99
Change Component Designator: OldDesignator=C101 NewDesignator=C100
Change Component Designator: OldDesignator=C102 NewDesignator=C101
Change Component Designator: OldDesignator=C103 NewDesignator=C102
Change Net Name : Old Net Name=NetC42_1 New Net Name=NetC41_1
Change Net Name : Old Net Name=NetC43_1 New Net Name=NetC42_1
Change Net Name : Old Net Name=NetC63_1 New Net Name=NetC62_1
Change Net Name : Old Net Name=NetC66_2 New Net Name=NetC65_2
Change Net Name : Old Net Name=NetC68_2 New Net Name=NetC67_2
Change Net Name : Old Net Name=NetC69_2 New Net Name=NetC68_2
Change Net Name : Old Net Name=NetC70_2 New Net Name=NetC69_2
Change Net Name : Old Net Name=NetC71_2 New Net Name=NetC70_2
Change Net Name : Old Net Name=NetC72_2 New Net Name=NetC71_2
Change Net Name : Old Net Name=NetC74_1 New Net Name=NetC73_1
Change Net Name : Old Net Name=NetC77_1 New Net Name=NetC76_1
Change Net Name : Old Net Name=NetC93_1 New Net Name=NetC92_1
Change Net Name : Old Net Name=NetC97_1 New Net Name=NetC96_1
Added Member To Class: ClassName=W5500 Member=Component C38 #NAME?
Added Member To Class: ClassName=W5500 Member=Component C40 approved sub OK
Added Member To Class: ClassName=W5500 Member=Component C42 approved sub OK
Added Member To Class: ClassName=W5500 Member=Component C44 approved sub OK
Added Member To Class: ClassName=MCU3 Member=Component C46 approved sub OK
Added Member To Class: ClassName=MCU3 Member=Component C48 approved sub OK
Added Member To Class: ClassName=MCU3 Member=Component C50 approved sub OK
Added Member To Class: ClassName=MCU3 Member=Component C52 approved sub OK
Added Member To Class: ClassName=MC60 Member=Component C54 #NAME?
Added Member To Class: ClassName=MC60 Member=Component C56 approved sub OK
Added Member To Class: ClassName=MC60 Member=Component C58 approved sub OK
Added Member To Class: ClassName=MC60 Member=Component C60 approved sub OK
Added Member To Class: ClassName=MC60 Member=Component C62 approved sub OK
Added Member To Class: ClassName=MC60 Member=Component C64 Capacitor C SMD 0603
Added Member To Class: ClassName=MC60 Member=Component C66 approved sub OK
Added Member To Class: ClassName=MC60 Member=Component C68 Capacitor C SMD 0603
Added Member To Class: ClassName=MC60 Member=Component C70 Capacitor C SMD 0603
Added Member To Class: ClassName=MC60 Member=Component C72 Capacitor C SMD 0603
Added Member To Class: ClassName=MC60 Member=Component C74 Capacitor C SMD 0603
Added Member To Class: ClassName=MC60 Member=Component C76 approved sub OK
Added Member To Class: ClassName=MC60 Member=Component C78 Capacitor C SMD 0603
Added Member To Class: ClassName=Power Member=Component C80 1uf
Added Member To Class: ClassName=Power Member=Component C82 100n
Added Member To Class: ClassName=Power Member=Component C84 100n
Added Member To Class: ClassName=Power Member=Component C86 22uf
Added Member To Class: ClassName=Power Member=Component C88 4.7uf
Added Member To Class: ClassName=Power Member=Component C90 approved sub OK
Added Member To Class: ClassName=Power Member=Component C92 22uf
Added Member To Class: ClassName=Power Member=Component C94 approved sub OK
Added Member To Class: ClassName=Power Member=Component C96 approved sub OK
Added Member To Class: ClassName=Power Member=Component C99 approved sub OK
Added Member To Class: ClassName=Power Member=Component C101 approved sub OK
Added Room: Name=MC60
Added Room: Name=MCU1
Added Room: Name=MCU2
Added Room: Name=MCU3
Added Room: Name=MCU4
Added Room: Name=Power
Added Room: Name=W5500
Added Room: Name=Wifi
