Added Component: Designator=P13(PCBComponent_1)
Add component (AddParameter): Name = "LatestRevisionDate"; Value = "17-Jul-2002"; VariantName = "[No Variations]"
Add component (AddParameter): Name = "LatestRevisionNote"; Value = "Re-released for DXP Platform."; VariantName = "[No Variations]"
Add component (AddParameter): Name = "Publisher"; Value = "Altium Limited"; VariantName = "[No Variations]"
Added Pin To Net: NetName=GND Pin=P13-1
Added Pin To Net: NetName=LCD_RES Pin=P13-2
Added Pin To Net: NetName=LCD_CLK Pin=P13-3
Added Pin To Net: NetName=LCD_DC Pin=P13-4
Added Pin To Net: NetName=LCD_CS Pin=P13-5
Added Pin To Net: NetName=LCD_MOSI Pin=P13-6
Added Pin To Net: NetName=LCD_MISO Pin=P13-7
Added Pin To Net: NetName=GND Pin=P13-8
Added Pin To Net: NetName=3V3 Pin=P13-9
Added Pin To Net: NetName=3V3 Pin=P13-10
Added Pin To Net: NetName=LEDK1 Pin=P13-11
Added Pin To Net: NetName=LEDK2 Pin=P13-12
Added Pin To Net: NetName=LEDK3 Pin=P13-13
Added Pin To Net: NetName=LEDK4 Pin=P13-14
Added Pin To Net: NetName=XN Pin=P13-15
Added Pin To Net: NetName=YN Pin=P13-16
Added Pin To Net: NetName=XP Pin=P13-17
Added Pin To Net: NetName=YP Pin=P13-18
Added Member To Class: ClassName=MCU3 Member=Component P13 Header 18
Added Member To Class: ClassName=MCU2 Member=Component X3 Phoenix MKDSN 03
