Removed Pin From Net: NetName=MCU_3V3 Pin=C4-1
Removed Pin From Net: NetName=MCU_3V3 Pin=C13-1
Removed Pin From Net: NetName=MCU_3V3 Pin=C46-1
Removed Pin From Net: NetName=MCU_3V3 Pin=D1-2
Removed Pin From Net: NetName=MCU_3V3 Pin=D3-2
Removed Pin From Net: NetName=GND Pin=Designator13-1
Removed Pin From Net: NetName=MCU_3V3 Pin=J10-4
Removed Pin From Net: NetName=MCU_3V3 Pin=LS1-1
Removed Pin From Net: NetName=MCU_3V3 Pin=Q5-3
Removed Pin From Net: NetName=MCU_3V3 Pin=Q6-3
Removed Pin From Net: NetName=MCU_3V3 Pin=Q11-3
Removed Pin From Net: NetName=MCU_3V3 Pin=Q12-3
Removed Pin From Net: NetName=MCU_3V3 Pin=R1-1
Removed Pin From Net: NetName=MCU_3V3 Pin=R4-1
Removed Pin From Net: NetName=MCU_3V3 Pin=R7-1
Removed Pin From Net: NetName=MCU_3V3 Pin=R8-1
Removed Pin From Net: NetName=MCU_3V3 Pin=R11-2
Removed Pin From Net: NetName=MCU_3V3 Pin=R14-2
Removed Pin From Net: NetName=MCU_3V3 Pin=R18-2
Removed Pin From Net: NetName=MCU_3V3 Pin=R86-1
Removed Pin From Net: NetName=MCU_3V3 Pin=R87-1
Removed Pin From Net: NetName=MCU_3V3 Pin=R88-1
Removed Pin From Net: NetName=MCU_3V3 Pin=R90-1
Removed Pin From Net: NetName=MCU_3V3 Pin=R91-1
Removed Pin From Net: NetName=MCU_3V3 Pin=R94-1
Removed Pin From Net: NetName=MCU_3V3 Pin=R97-1
Removed Pin From Net: NetName=MCU_3V3 Pin=R100-2
Removed Pin From Net: NetName=MCU_3V3 Pin=R101-2
Removed Pin From Net: NetName=MCU_3V3 Pin=R103-2
Removed Pin From Net: NetName=MCU_3V3 Pin=R105-1
Removed Pin From Net: NetName=MCU_3V3 Pin=R106-1
Removed Pin From Net: NetName=MCU_3V3 Pin=R107-1
Removed Pin From Net: NetName=MCU_3V3 Pin=U2-8
Removed Pin From Net: NetName=MCU_3V3 Pin=U3-3
Removed Pin From Net: NetName=MCU_3V3 Pin=U3-7
Removed Pin From Net: NetName=MCU_3V3 Pin=U3-8
Change Component Footprint: Designator=P3 Old Footprint=MHDR2X13 New Footprint=HDR2X18
Added Pin To Net: NetName=3V3 Pin=C4-1
Added Pin To Net: NetName=3V3 Pin=C13-1
Added Pin To Net: NetName=3V3 Pin=C46-1
Added Pin To Net: NetName=3V3 Pin=D1-2
Added Pin To Net: NetName=3V3 Pin=D3-2
Added Pin To Net: NetName=3V3 Pin=J10-4
Added Pin To Net: NetName=3V3 Pin=LS1-1
Added Pin To Net: NetName=3V3 Pin=Q5-3
Added Pin To Net: NetName=3V3 Pin=Q6-3
Added Pin To Net: NetName=3V3 Pin=Q11-3
Added Pin To Net: NetName=3V3 Pin=Q12-3
Added Pin To Net: NetName=3V3 Pin=R1-1
Added Pin To Net: NetName=3V3 Pin=R4-1
Added Pin To Net: NetName=3V3 Pin=R7-1
Added Pin To Net: NetName=3V3 Pin=R8-1
Added Pin To Net: NetName=3V3 Pin=R11-2
Added Pin To Net: NetName=3V3 Pin=R14-2
Added Pin To Net: NetName=3V3 Pin=R18-2
Added Pin To Net: NetName=3V3 Pin=R86-1
Added Pin To Net: NetName=3V3 Pin=R87-1
Added Pin To Net: NetName=3V3 Pin=R88-1
Added Pin To Net: NetName=3V3 Pin=R90-1
Added Pin To Net: NetName=3V3 Pin=R91-1
Added Pin To Net: NetName=3V3 Pin=R94-1
Added Pin To Net: NetName=3V3 Pin=R97-1
Added Pin To Net: NetName=3V3 Pin=R100-2
Added Pin To Net: NetName=3V3 Pin=R101-2
Added Pin To Net: NetName=3V3 Pin=R103-2
Added Pin To Net: NetName=3V3 Pin=R105-1
Added Pin To Net: NetName=3V3 Pin=R106-1
Added Pin To Net: NetName=3V3 Pin=R107-1
Added Pin To Net: NetName=3V3 Pin=U2-8
Added Pin To Net: NetName=3V3 Pin=U3-3
Added Pin To Net: NetName=3V3 Pin=U3-7
Added Pin To Net: NetName=3V3 Pin=U3-8
Added Room: Name=MC60
Added Room: Name=MCU1
Added Room: Name=MCU2
Added Room: Name=MCU3
Added Room: Name=MCU4
Added Room: Name=Power
Added Room: Name=W5500
Added Room: Name=Wifi
