Removed Pin From Net: NetName=GND Pin=C66-1
Removed Pin From Net: NetName=SIM1_VCC Pin=C67-2
Removed Pin From Net: NetName=SIM2_VCC Pin=C68-2
Removed Pin From Net: NetName=GND Pin=C73-1
Removed Pin From Net: NetName=NetC69_2 Pin=D20-3
Removed Pin From Net: NetName=SIM1_VCC Pin=D20-4
Removed Pin From Net: NetName=NetC70_2 Pin=D21-3
Removed Pin From Net: NetName=SIM2_VCC Pin=D21-4
Removed Pin From Net: NetName=SIM2_CLK Pin=R136-1
Removed Pin From Net: NetName=SIM2_RST Pin=R137-1
Removed Pin From Net: NetName=SIM2_DATA Pin=R138-1
Removed Pin From Net: NetName=NetC70_2 Pin=R138-2
Removed Pin From Net: NetName=SIM1_CLK Pin=R139-1
Removed Pin From Net: NetName=SIM1_RST Pin=R140-1
Removed Pin From Net: NetName=NetC65_2 Pin=R140-2
Removed Pin From Net: NetName=NetC69_2 Pin=R141-2
Removed Member From Class: ClassName=MC60 Member=SIM Holder1
Removed Member From Class: ClassName=MC60 Member=SIM Holder2
Change Component Designator: OldDesignator=C71 NewDesignator=C66
Change Component Designator: OldDesignator=C74 NewDesignator=C73
Change Component Designator: OldDesignator=J15 NewDesignator=J17
Added Component: Designator=C71(0603)
Add component (AddParameter): Name = "ComponentLink1Description"; Value = "Website Smart World"; VariantName = "[No Variations]"
Add component (AddParameter): Name = "ComponentLink1URL"; Value = "https://www.smartw.ir/"; VariantName = "[No Variations]"
Add component (AddParameter): Name = "ComponentLink2Description"; Value = "Telegram"; VariantName = "[No Variations]"
Add component (AddParameter): Name = "ComponentLink2URL"; Value = "https://t.me/altium_smartw"; VariantName = "[No Variations]"
Add component (AddParameter): Name = "ComponentLink3Description"; Value = "Instagram"; VariantName = "[No Variations]"
Add component (AddParameter): Name = "ComponentLink3URL"; Value = "https://Instagram.com/smartgw.ir"; VariantName = "[No Variations]"
Add component (AddParameter): Name = "DatasheetVersion"; Value = "2021"; VariantName = "[No Variations]"
Add component (AddParameter): Name = "Value"; Value = "33pf"; VariantName = "[No Variations]"
Added Component: Designator=C74(0603)
Add component (AddParameter): Name = "ComponentLink1Description"; Value = "Website Smart World"; VariantName = "[No Variations]"
Add component (AddParameter): Name = "ComponentLink1URL"; Value = "https://www.smartw.ir/"; VariantName = "[No Variations]"
Add component (AddParameter): Name = "ComponentLink2Description"; Value = "Telegram"; VariantName = "[No Variations]"
Add component (AddParameter): Name = "ComponentLink2URL"; Value = "https://t.me/altium_smartw"; VariantName = "[No Variations]"
Add component (AddParameter): Name = "ComponentLink3Description"; Value = "Instagram"; VariantName = "[No Variations]"
Add component (AddParameter): Name = "ComponentLink3URL"; Value = "https://Instagram.com/smartgw.ir"; VariantName = "[No Variations]"
Add component (AddParameter): Name = "DatasheetVersion"; Value = "2021"; VariantName = "[No Variations]"
Add component (AddParameter): Name = "Value"; Value = "33pf"; VariantName = "[No Variations]"
Added Component: Designator=J15(SIM_MICRO_GCT)
Add component (AddParameter): Name = "ASSEMBLY"; Value = ""; VariantName = "[No Variations]"
Add component (AddParameter): Name = "DESC"; Value = "-"; VariantName = "[No Variations]"
Add component (AddParameter): Name = "MANF"; Value = "-"; VariantName = "[No Variations]"
Add component (AddParameter): Name = "MANF_P#"; Value = "-"; VariantName = "[No Variations]"
Add component (AddParameter): Name = "PARAM"; Value = ""; VariantName = "[No Variations]"
Add component (AddParameter): Name = "PRICE"; Value = "3t@Lion Iran"; VariantName = "[No Variations]"
Add component (AddParameter): Name = "VALUE"; Value = "SOCKET_SIM"; VariantName = "[No Variations]"
Added Component: Designator=J16(SIM_MICRO_GCT)
Add component (AddParameter): Name = "ASSEMBLY"; Value = ""; VariantName = "[No Variations]"
Add component (AddParameter): Name = "DESC"; Value = "-"; VariantName = "[No Variations]"
Add component (AddParameter): Name = "MANF"; Value = "-"; VariantName = "[No Variations]"
Add component (AddParameter): Name = "MANF_P#"; Value = "-"; VariantName = "[No Variations]"
Add component (AddParameter): Name = "PARAM"; Value = ""; VariantName = "[No Variations]"
Add component (AddParameter): Name = "PRICE"; Value = "3t@Lion Iran"; VariantName = "[No Variations]"
Add component (AddParameter): Name = "VALUE"; Value = "SOCKET_SIM"; VariantName = "[No Variations]"
Added Pin To Net: NetName=SIM1_VCC Pin=C63-2
Added Pin To Net: NetName=SIM2_VCC Pin=C64-2
Added Pin To Net: NetName=GND Pin=C71-1
Added Pin To Net: NetName=GND Pin=C74-1
Added Pin To Net: NetName=NetC70_2 Pin=D20-3
Added Pin To Net: NetName=SIM1_VCC Pin=D20-6
Added Pin To Net: NetName=NetC69_2 Pin=D21-4
Added Pin To Net: NetName=SIM2_VCC Pin=D21-6
Added Pin To Net: NetName=SIM1_VCC Pin=J15-C1
Added Pin To Net: NetName=NetC70_2 Pin=J15-C2
Added Pin To Net: NetName=SIM_GND Pin=J15-C5
Added Pin To Net: NetName=NetC72_2 Pin=J15-C6
Added Pin To Net: NetName=NetC65_2 Pin=J15-C7
Added Pin To Net: NetName=GND Pin=J15-SH1
Added Pin To Net: NetName=GND Pin=J15-SH2
Added Pin To Net: NetName=GND Pin=J15-SH3
Added Pin To Net: NetName=GND Pin=J15-SH4
Added Pin To Net: NetName=SIM2_VCC Pin=J16-C1
Added Pin To Net: NetName=NetC69_2 Pin=J16-C3
Added Pin To Net: NetName=SIM_GND Pin=J16-C5
Added Pin To Net: NetName=GND Pin=J16-SH1
Added Pin To Net: NetName=GND Pin=J16-SH2
Added Pin To Net: NetName=GND Pin=J16-SH3
Added Pin To Net: NetName=GND Pin=J16-SH4
Added Pin To Net: NetName=SIM1_RST Pin=R136-1
Added Pin To Net: NetName=NetC70_2 Pin=R136-2
Added Pin To Net: NetName=SIM1_CLK Pin=R137-1
Added Pin To Net: NetName=SIM1_DATA Pin=R138-1
Added Pin To Net: NetName=NetC65_2 Pin=R138-2
Added Pin To Net: NetName=SIM1_RST Pin=R139-1
Added Pin To Net: NetName=SIM1_CLK Pin=R140-1
Added Pin To Net: NetName=NetC69_2 Pin=R140-2
Change Net Name : Old Net Name=NetC74_1 New Net Name=NetC73_1
Added Pin To Net: NetName=NetC67_2 Pin=C67-2
Added Pin To Net: NetName=NetC67_2 Pin=D21-5
Added Pin To Net: NetName=NetC67_2 Pin=J16-C7
Added Pin To Net: NetName=NetC67_2 Pin=R141-2
Added Net: Name=NetC67_2
Added Pin To Net: NetName=NetC68_2 Pin=C68-2
Added Pin To Net: NetName=NetC68_2 Pin=D20-4
Added Pin To Net: NetName=NetC68_2 Pin=J15-C3
Added Pin To Net: NetName=NetC68_2 Pin=R137-2
Added Net: Name=NetC68_2
Added Pin To Net: NetName=NetC71_2 Pin=C71-2
Added Pin To Net: NetName=NetC71_2 Pin=D21-3
Added Pin To Net: NetName=NetC71_2 Pin=J16-C2
Added Pin To Net: NetName=NetC71_2 Pin=R139-2
Added Net: Name=NetC71_2
Added Pin To Net: NetName=NetC74_2 Pin=C74-2
Added Pin To Net: NetName=NetC74_2 Pin=D21-1
Added Pin To Net: NetName=NetC74_2 Pin=J16-C6
Added Net: Name=NetC74_2
Added Member To Class: ClassName=MC60 Member=Component C59 approved sub OK
Added Member To Class: ClassName=MC60 Member=Component J16 SOCKET_SIM
Added Member To Class: ClassName=MC60 Member=Component J17 U.FL
