Removed Pin From Net: NetName=GND Pin=J11-A1
Removed Pin From Net: NetName=5V0 Pin=J11-A4
Removed Pin From Net: NetName=D+ Pin=J11-A6
Removed Pin From Net: NetName=D- Pin=J11-A7
Removed Pin From Net: NetName=5V0 Pin=J11-A9
Removed Pin From Net: NetName=GND Pin=J11-A12
Removed Pin From Net: NetName=GND Pin=J11-B1
Removed Pin From Net: NetName=5V0 Pin=J11-B4
Removed Pin From Net: NetName=5V0 Pin=J11-B9
Removed Pin From Net: NetName=GND Pin=J11-B12
Removed Pin From Net: NetName=GND Pin=J11-G1
Removed Pin From Net: NetName=GND Pin=J11-G2
Removed Pin From Net: NetName=GND Pin=J11-Shell
Removed Pin From Net: NetName=GND Pin=J11-Shell
Removed Pin From Net: NetName=GND Pin=J11-Shell
Removed Pin From Net: NetName=GND Pin=J11-Shell
Removed Pin From Net: NetName=GND Pin=J11-Shell
Removed Pin From Net: NetName=GND Pin=J11-Shell
Removed Pin From Net: NetName=GND Pin=R87-1
Removed Pin From Net: NetName=GND Pin=R98-1
Removed Member From Class: ClassName=MCU3 Member=J12
Removed Member From Class: ClassName=MCU3 Member=R115
Change Component Designator: OldDesignator= NewDesignator=1
Change Component Designator: OldDesignator=C99 NewDesignator=C98
Change Component Designator: OldDesignator=C100 NewDesignator=C99
Change Component Designator: OldDesignator=C101 NewDesignator=C100
Change Component Designator: OldDesignator=C102 NewDesignator=C101
Change Component Designator: OldDesignator=J12 NewDesignator=J11
Change Component Designator: OldDesignator=J13 NewDesignator=J12
Change Component Designator: OldDesignator=J14 NewDesignator=J13
Change Component Designator: OldDesignator=J15 NewDesignator=J14
Change Component Designator: OldDesignator=J16 NewDesignator=J15
Change Component Designator: OldDesignator=J17 NewDesignator=J16
Change Component Designator: OldDesignator=P13 NewDesignator=P1
Change Component Designator: OldDesignator=R88 NewDesignator=R87
Change Component Designator: OldDesignator=R89 NewDesignator=R88
Change Component Designator: OldDesignator=R99 NewDesignator=R98
Change Component Designator: OldDesignator=R100 NewDesignator=R99
Change Component Designator: OldDesignator=R101 NewDesignator=R100
Change Component Designator: OldDesignator=R102 NewDesignator=R101
Change Component Designator: OldDesignator=R103 NewDesignator=R102
Change Component Designator: OldDesignator=R104 NewDesignator=R103
Change Component Designator: OldDesignator=R105 NewDesignator=R104
Change Component Designator: OldDesignator=R106 NewDesignator=R105
Change Component Designator: OldDesignator=R107 NewDesignator=R106
Change Component Designator: OldDesignator=R108 NewDesignator=R107
Change Component Designator: OldDesignator=R109 NewDesignator=R108
Change Component Designator: OldDesignator=R110 NewDesignator=R109
Change Component Designator: OldDesignator=R111 NewDesignator=R110
Change Component Designator: OldDesignator=R112 NewDesignator=R111
Change Component Designator: OldDesignator=R113 NewDesignator=R112
Change Component Designator: OldDesignator=R114 NewDesignator=R113
Change Component Designator: OldDesignator=R115 NewDesignator=R114
Change Component Designator: OldDesignator=R116 NewDesignator=R115
Change Component Designator: OldDesignator=R117 NewDesignator=R116
Change Component Designator: OldDesignator=R118 NewDesignator=R117
Change Component Designator: OldDesignator=R119 NewDesignator=R118
Change Component Designator: OldDesignator=R120 NewDesignator=R119
Change Component Designator: OldDesignator=R121 NewDesignator=R120
Change Component Designator: OldDesignator=R122 NewDesignator=R121
Change Component Designator: OldDesignator=R123 NewDesignator=R122
Change Component Designator: OldDesignator=R124 NewDesignator=R123
Change Component Designator: OldDesignator=R125 NewDesignator=R124
Change Component Designator: OldDesignator=R126 NewDesignator=R125
Change Component Designator: OldDesignator=R127 NewDesignator=R126
Change Component Designator: OldDesignator=R128 NewDesignator=R127
Change Component Designator: OldDesignator=R129 NewDesignator=R128
Change Component Designator: OldDesignator=R130 NewDesignator=R129
Change Component Designator: OldDesignator=R131 NewDesignator=R130
Change Component Designator: OldDesignator=R132 NewDesignator=R131
Change Component Designator: OldDesignator=R133 NewDesignator=R132
Change Component Designator: OldDesignator=R134 NewDesignator=R133
Change Component Designator: OldDesignator=R135 NewDesignator=R134
Change Component Designator: OldDesignator=R136 NewDesignator=R135
Change Component Designator: OldDesignator=R137 NewDesignator=R136
Change Component Designator: OldDesignator=R138 NewDesignator=R137
Change Component Designator: OldDesignator=R139 NewDesignator=R138
Change Component Designator: OldDesignator=R140 NewDesignator=R139
Change Component Designator: OldDesignator=R141 NewDesignator=R140
Change Component Designator: OldDesignator=R142 NewDesignator=R141
Change Component Designator: OldDesignator=R143 NewDesignator=R142
Change Component Designator: OldDesignator=R144 NewDesignator=R143
Change Component Designator: OldDesignator=R145 NewDesignator=R144
Change Component Designator: OldDesignator=R146 NewDesignator=R145
Change Component Designator: OldDesignator=R147 NewDesignator=R146
Change Component Designator: OldDesignator=R148 NewDesignator=R147
Change Component Designator: OldDesignator=R149 NewDesignator=R148
Change Component Designator: OldDesignator=R150 NewDesignator=R149
Change Component Designator: OldDesignator=R151 NewDesignator=R150
Change Component Designator: OldDesignator=R152 NewDesignator=R151
Change Component Designator: OldDesignator=R153 NewDesignator=R152
Change Component Designator: OldDesignator=R154 NewDesignator=R153
Change Component Designator: OldDesignator=R155 NewDesignator=R154
Change Component Designator: OldDesignator=X2 NewDesignator=X3
Change Component Designator: OldDesignator=X3 NewDesignator=X2
Added Component: Designator=PUSB1(USB_MICRO_B_MOLEX)
Add component (AddParameter): Name = "ASSEMBLY"; Value = ""; VariantName = "[No Variations]"
Add component (AddParameter): Name = "DESC"; Value = ""; VariantName = "[No Variations]"
Add component (AddParameter): Name = "DIST#"; Value = ""; VariantName = "[No Variations]"
Add component (AddParameter): Name = "MANF"; Value = "MOLEX"; VariantName = "[No Variations]"
Add component (AddParameter): Name = "MANF_P#"; Value = "47491-0001"; VariantName = "[No Variations]"
Add component (AddParameter): Name = "MANF_P#2"; Value = ""; VariantName = "[No Variations]"
Add component (AddParameter): Name = "PARAM"; Value = ""; VariantName = "[No Variations]"
Add component (AddParameter): Name = "PARAM2"; Value = ""; VariantName = "[No Variations]"
Add component (AddParameter): Name = "PRICE"; Value = ""; VariantName = "[No Variations]"
Add component (AddParameter): Name = "VALUE"; Value = "CONN_USB_MICROB"; VariantName = "[No Variations]"
Added Component: Designator=R89(RESC1608X55N)
Add component (AddParameter): Name = "Manufacturer 1"; Value = "Vishay/Dale"; VariantName = "[No Variations]"
Add component (AddParameter): Name = "Manufacturer Part Number 1"; Value = "CRCW06034K70JNEA"; VariantName = "[No Variations]"
Add component (AddParameter): Name = "Material"; Value = "Thick Film"; VariantName = "[No Variations]"
Add component (AddParameter): Name = "Package / Case"; Value = "0603 (1608 metric)"; VariantName = "[No Variations]"
Add component (AddParameter): Name = "Ratings"; Value = "1/10 W"; VariantName = "[No Variations]"
Add component (AddParameter): Name = "SCDType"; Value = "spec"; VariantName = "[No Variations]"
Add component (AddParameter): Name = "Supplier 1"; Value = "Digi-Key"; VariantName = "[No Variations]"
Add component (AddParameter): Name = "Supplier Part Number 1"; Value = "541-4.7KGCT-ND"; VariantName = "[No Variations]"
Add component (AddParameter): Name = "Tolerance"; Value = "±5%"; VariantName = "[No Variations]"
Add component (AddParameter): Name = "Value"; Value = "10K"; VariantName = "[No Variations]"
Added Pin To Net: NetName=5V0 Pin=PUSB1-1
Added Pin To Net: NetName=D- Pin=PUSB1-2
Added Pin To Net: NetName=D+ Pin=PUSB1-3
Added Pin To Net: NetName=GND Pin=PUSB1-5
Added Pin To Net: NetName=GND Pin=PUSB1-SH1
Added Pin To Net: NetName=GND Pin=PUSB1-SH2
Added Pin To Net: NetName=GND Pin=PUSB1-SH3
Added Pin To Net: NetName=GND Pin=PUSB1-SH4
Added Pin To Net: NetName=GND Pin=PUSB1-SH5
Added Pin To Net: NetName=GND Pin=PUSB1-SH6
Added Pin To Net: NetName=GND Pin=R89-1
Change Net Name : Old Net Name=Net_1 New Net Name=Net1_1
Change Net Name : Old Net Name=NetJ12_2 New Net Name=NetJ11_2
Change Net Name : Old Net Name=NetR105_2 New Net Name=NetR104_2
Change Net Name : Old Net Name=NetR146_1 New Net Name=NetR145_1
Change Net Name : Old Net Name=NetR147_1 New Net Name=NetR146_1
Added Pin To Net: NetName=NetPUSB1_4 Pin=PUSB1-4
Added Pin To Net: NetName=NetPUSB1_4 Pin=R89-2
Added Net: Name=NetPUSB1_4
Added Member To Class: ClassName=Power Member=Component 1 approved sub OK
Added Member To Class: ClassName=MCU3 Member=Component PUSB1 CONN_USB_MICROB
Added Member To Class: ClassName=Power Member=Component U9 AMS1117
Added Member To Class: ClassName=Power Member=Component U10 SGM2019
Added Member To Class: ClassName=Power Member=Component U11 LM2596SX-ADJ/NOPB
Added Member To Class: ClassName=Power Member=Component U12 AMS1117
Added Member To Class: ClassName=Power Member=Component X5 Phoenix MKDSN 02
Added Room: Name=MC60
Added Room: Name=MCU1
Added Room: Name=MCU2
Added Room: Name=MCU3
Added Room: Name=MCU4
Added Room: Name=Power
Added Room: Name=W5500
Added Room: Name=Wifi
