Removed Member From Class: ClassName=MCU1 Member=R52
Change Component Designator: OldDesignator=K1 NewDesignator=K3
Change Component Designator: OldDesignator=K2 NewDesignator=K1
Change Component Designator: OldDesignator=K3 NewDesignator=K2
Change Net Name : Old Net Name=NetK1_2 New Net Name=NetK3_2
Change Net Name : Old Net Name=NetK1_3 New Net Name=NetK3_3
Change Net Name : Old Net Name=NetK2_2 New Net Name=NetK1_2
Change Net Name : Old Net Name=NetK2_3 New Net Name=NetK1_3
Change Net Name : Old Net Name=NetK3_2 New Net Name=NetK2_2
Change Net Name : Old Net Name=NetK3_3 New Net Name=NetK2_3
Change Net Color : Old Net Color=RGB(158, 161, 117) New Net Color=Default
Change Net Color : Old Net Color=RGB(158, 161, 117) New Net Color=Default
Added Member To Class: ClassName=MCU1 Member=Component R14 Thick Film
Added Member To Class: ClassName=MCU1 Member=Component R15 Thick Film
Added Member To Class: ClassName=MCU1 Member=Component R16 Thick Film
Added Member To Class: ClassName=MCU1 Member=Component R20 Thick Film
Added Member To Class: ClassName=MCU2 Member=Component R21 Thick Film
Added Member To Class: ClassName=MCU2 Member=Component R22 Thick Film
Added Member To Class: ClassName=MCU2 Member=Component R23 Thick Film
Added Member To Class: ClassName=MCU2 Member=Component R24 Thick Film
Added Member To Class: ClassName=MCU2 Member=Component R25 Thick Film
Added Member To Class: ClassName=MCU2 Member=Component R26 Thick Film
Added Member To Class: ClassName=MCU2 Member=Component R27 Thick Film
Added Member To Class: ClassName=MCU2 Member=Component R28 Thick Film
Added Member To Class: ClassName=MCU2 Member=Component R29 Thick Film
Added Member To Class: ClassName=MCU2 Member=Component R30 Thick Film
Added Member To Class: ClassName=MCU2 Member=Component R31 Thick Film
Added Member To Class: ClassName=MCU2 Member=Component R32 Thick Film
Added Member To Class: ClassName=MCU2 Member=Component R33 Thick Film
Added Member To Class: ClassName=MCU2 Member=Component R34 Thick Film
Added Member To Class: ClassName=MCU2 Member=Component R35 Res1
Added Member To Class: ClassName=MCU2 Member=Component R36 Res1
Added Member To Class: ClassName=MCU2 Member=Component R37 Thick Film
Added Member To Class: ClassName=MCU2 Member=Component R38 Thick Film
Added Member To Class: ClassName=MCU2 Member=Component R39 Thick Film
Added Member To Class: ClassName=MCU2 Member=Component R40 Thick Film
Added Member To Class: ClassName=MCU2 Member=Component R41 Thick Film
Added Member To Class: ClassName=MCU2 Member=Component R42 Thick Film
Added Member To Class: ClassName=MCU2 Member=Component R43 Thick Film
Added Member To Class: ClassName=MCU2 Member=Component R44 Thick Film
Added Member To Class: ClassName=MCU2 Member=Component R45 Thick Film
Added Member To Class: ClassName=MCU2 Member=Component R46 Thick Film
Added Member To Class: ClassName=MCU2 Member=Component R47 Thick Film
Added Member To Class: ClassName=MCU2 Member=Component R48 Thick Film
Added Member To Class: ClassName=MCU2 Member=Component R49 Thick Film
Added Member To Class: ClassName=MCU2 Member=Component R50 Thick Film
Added Member To Class: ClassName=MCU2 Member=Component R53 Thick Film
Added Member To Class: ClassName=MCU2 Member=Component R54 Thick Film
Added Member To Class: ClassName=MCU2 Member=Component R55 Res1
Added Member To Class: ClassName=MCU2 Member=Component R56 Res1
Added Member To Class: ClassName=MCU2 Member=Component R57 Thick Film
Added Member To Class: ClassName=MCU2 Member=Component R58 Thick Film
Added Member To Class: ClassName=MCU2 Member=Component R59 Thick Film
Added Member To Class: ClassName=MCU2 Member=Component R60 Thick Film
Added Member To Class: ClassName=Wifi Member=Component R61 Thick Film
Added Member To Class: ClassName=Wifi Member=Component R62 Thick Film
Added Member To Class: ClassName=Wifi Member=Component R63 Thick Film
Added Member To Class: ClassName=Wifi Member=Component R64 Thick Film
Added Member To Class: ClassName=Wifi Member=Component R65 Thick Film
Added Member To Class: ClassName=Wifi Member=Component R66 Thick Film
Added Member To Class: ClassName=Wifi Member=Component R67 Thick Film
Added Member To Class: ClassName=W5500 Member=Component R68 Thick Film
Added Member To Class: ClassName=W5500 Member=Component R71 Thick Film
Added Member To Class: ClassName=W5500 Member=Component R72 Thick Film
Added Member To Class: ClassName=W5500 Member=Component R82 Thick Film
Added Member To Class: ClassName=W5500 Member=Component R83 Thick Film
Added Member To Class: ClassName=MCU3 Member=Component R89 Thick Film
Added Room: Name=MC60
Added Room: Name=MCU1
Added Room: Name=MCU2
Added Room: Name=MCU3
Added Room: Name=MCU4
Added Room: Name=Power
Added Room: Name=W5500
Added Room: Name=Wifi
